2018-12-01 23:13:01,946 - DEBUG - Init schema document for None
2018-12-01 23:13:01,947 - DEBUG - register_type('{http://www.w3.org/2001/XMLSchema}string', <zeep.xsd.types.builtins.String object at 0x000001C113980908>)
2018-12-01 23:13:01,947 - DEBUG - register_type('{http://www.w3.org/2001/XMLSchema}boolean', <zeep.xsd.types.builtins.Boolean object at 0x000001C113980940>)
2018-12-01 23:13:01,947 - DEBUG - register_type('{http://www.w3.org/2001/XMLSchema}decimal', <zeep.xsd.types.builtins.Decimal object at 0x000001C113980978>)
2018-12-01 23:13:01,947 - DEBUG - register_type('{http://www.w3.org/2001/XMLSchema}float', <zeep.xsd.types.builtins.Float object at 0x000001C1139809E8>)
2018-12-01 23:13:01,948 - DEBUG - register_type('{http://www.w3.org/2001/XMLSchema}double', <zeep.xsd.types.builtins.Double object at 0x000001C113980A58>)
2018-12-01 23:13:01,948 - DEBUG - register_type('{http://www.w3.org/2001/XMLSchema}duration', <zeep.xsd.types.builtins.Duration object at 0x000001C113980AC8>)
2018-12-01 23:13:01,948 - DEBUG - register_type('{http://www.w3.org/2001/XMLSchema}dateTime', <zeep.xsd.types.builtins.DateTime object at 0x000001C113980B70>)
2018-12-01 23:13:01,948 - DEBUG - register_type('{http://www.w3.org/2001/XMLSchema}time', <zeep.xsd.types.builtins.Time object at 0x000001C113980BA8>)
2018-12-01 23:13:01,948 - DEBUG - register_type('{http://www.w3.org/2001/XMLSchema}date', <zeep.xsd.types.builtins.Date object at 0x000001C113980B38>)
2018-12-01 23:13:01,948 - DEBUG - register_type('{http://www.w3.org/2001/XMLSchema}gYearMonth', <zeep.xsd.types.builtins.gYearMonth object at 0x000001C113980C18>)
2018-12-01 23:13:01,948 - DEBUG - register_type('{http://www.w3.org/2001/XMLSchema}gYear', <zeep.xsd.types.builtins.gYear object at 0x000001C113980CC0>)
2018-12-01 23:13:01,948 - DEBUG - register_type('{http://www.w3.org/2001/XMLSchema}gMonthDay', <zeep.xsd.types.builtins.gMonthDay object at 0x000001C113980C88>)
2018-12-01 23:13:01,948 - DEBUG - register_type('{http://www.w3.org/2001/XMLSchema}gDay', <zeep.xsd.types.builtins.gDay object at 0x000001C113980D68>)
2018-12-01 23:13:01,949 - DEBUG - register_type('{http://www.w3.org/2001/XMLSchema}gMonth', <zeep.xsd.types.builtins.gMonth object at 0x000001C113980D30>)
2018-12-01 23:13:01,949 - DEBUG - register_type('{http://www.w3.org/2001/XMLSchema}hexBinary', <zeep.xsd.types.builtins.HexBinary object at 0x000001C113980DD8>)
2018-12-01 23:13:01,949 - DEBUG - register_type('{http://www.w3.org/2001/XMLSchema}base64Binary', <zeep.xsd.types.builtins.Base64Binary object at 0x000001C113980E80>)
2018-12-01 23:13:01,949 - DEBUG - register_type('{http://www.w3.org/2001/XMLSchema}anyURI', <zeep.xsd.types.builtins.AnyURI object at 0x000001C113980EB8>)
2018-12-01 23:13:01,949 - DEBUG - register_type('{http://www.w3.org/2001/XMLSchema}QName', <zeep.xsd.types.builtins.QName object at 0x000001C113980E48>)
2018-12-01 23:13:01,949 - DEBUG - register_type('{http://www.w3.org/2001/XMLSchema}NOTATION', <zeep.xsd.types.builtins.Notation object at 0x000001C113980F28>)
2018-12-01 23:13:01,949 - DEBUG - register_type('{http://www.w3.org/2001/XMLSchema}normalizedString', <zeep.xsd.types.builtins.NormalizedString object at 0x000001C113980FD0>)
2018-12-01 23:13:01,949 - DEBUG - register_type('{http://www.w3.org/2001/XMLSchema}token', <zeep.xsd.types.builtins.Token object at 0x000001C113980F98>)
2018-12-01 23:13:01,949 - DEBUG - register_type('{http://www.w3.org/2001/XMLSchema}language', <zeep.xsd.types.builtins.Language object at 0x000001C113995080>)
2018-12-01 23:13:01,949 - DEBUG - register_type('{http://www.w3.org/2001/XMLSchema}NMTOKEN', <zeep.xsd.types.builtins.NmToken object at 0x000001C1139950F0>)
2018-12-01 23:13:01,949 - DEBUG - register_type('{http://www.w3.org/2001/XMLSchema}NMTOKENS', <zeep.xsd.types.builtins.NmTokens object at 0x000001C1139950B8>)
2018-12-01 23:13:01,949 - DEBUG - register_type('{http://www.w3.org/2001/XMLSchema}Name', <zeep.xsd.types.builtins.Name object at 0x000001C113995198>)
2018-12-01 23:13:01,950 - DEBUG - register_type('{http://www.w3.org/2001/XMLSchema}NCName', <zeep.xsd.types.builtins.NCName object at 0x000001C113995160>)
2018-12-01 23:13:01,950 - DEBUG - register_type('{http://www.w3.org/2001/XMLSchema}ID', <zeep.xsd.types.builtins.ID object at 0x000001C113995208>)
2018-12-01 23:13:01,950 - DEBUG - register_type('{http://www.w3.org/2001/XMLSchema}IDREF', <zeep.xsd.types.builtins.IDREF object at 0x000001C113995278>)
2018-12-01 23:13:01,950 - DEBUG - register_type('{http://www.w3.org/2001/XMLSchema}IDREFS', <zeep.xsd.types.builtins.IDREFS object at 0x000001C1139952E8>)
2018-12-01 23:13:01,950 - DEBUG - register_type('{http://www.w3.org/2001/XMLSchema}ENTITY', <zeep.xsd.types.builtins.Entity object at 0x000001C113995358>)
2018-12-01 23:13:01,950 - DEBUG - register_type('{http://www.w3.org/2001/XMLSchema}ENTITIES', <zeep.xsd.types.builtins.Entities object at 0x000001C1139953C8>)
2018-12-01 23:13:01,950 - DEBUG - register_type('{http://www.w3.org/2001/XMLSchema}integer', <zeep.xsd.types.builtins.Integer object at 0x000001C113995470>)
2018-12-01 23:13:01,950 - DEBUG - register_type('{http://www.w3.org/2001/XMLSchema}nonPositiveInteger', <zeep.xsd.types.builtins.NonPositiveInteger object at 0x000001C113995438>)
2018-12-01 23:13:01,950 - DEBUG - register_type('{http://www.w3.org/2001/XMLSchema}negativeInteger', <zeep.xsd.types.builtins.NegativeInteger object at 0x000001C113995518>)
2018-12-01 23:13:01,950 - DEBUG - register_type('{http://www.w3.org/2001/XMLSchema}long', <zeep.xsd.types.builtins.Long object at 0x000001C113995550>)
2018-12-01 23:13:01,951 - DEBUG - register_type('{http://www.w3.org/2001/XMLSchema}int', <zeep.xsd.types.builtins.Int object at 0x000001C1139954E0>)
2018-12-01 23:13:01,951 - DEBUG - register_type('{http://www.w3.org/2001/XMLSchema}short', <zeep.xsd.types.builtins.Short object at 0x000001C1139955C0>)
2018-12-01 23:13:01,951 - DEBUG - register_type('{http://www.w3.org/2001/XMLSchema}byte', <zeep.xsd.types.builtins.Byte object at 0x000001C113995630>)
2018-12-01 23:13:01,951 - DEBUG - register_type('{http://www.w3.org/2001/XMLSchema}nonNegativeInteger', <zeep.xsd.types.builtins.NonNegativeInteger object at 0x000001C1139956A0>)
2018-12-01 23:13:01,951 - DEBUG - register_type('{http://www.w3.org/2001/XMLSchema}unsignedByte', <zeep.xsd.types.builtins.UnsignedByte object at 0x000001C113995748>)
2018-12-01 23:13:01,951 - DEBUG - register_type('{http://www.w3.org/2001/XMLSchema}unsignedInt', <zeep.xsd.types.builtins.UnsignedInt object at 0x000001C113995780>)
2018-12-01 23:13:01,951 - DEBUG - register_type('{http://www.w3.org/2001/XMLSchema}unsignedLong', <zeep.xsd.types.builtins.UnsignedLong object at 0x000001C1139957B8>)
2018-12-01 23:13:01,951 - DEBUG - register_type('{http://www.w3.org/2001/XMLSchema}unsignedShort', <zeep.xsd.types.builtins.UnsignedShort object at 0x000001C1139957F0>)
2018-12-01 23:13:01,951 - DEBUG - register_type('{http://www.w3.org/2001/XMLSchema}positiveInteger', <zeep.xsd.types.builtins.PositiveInteger object at 0x000001C113995828>)
2018-12-01 23:13:01,951 - DEBUG - register_type('{http://www.w3.org/2001/XMLSchema}anyType', <zeep.xsd.types.any.AnyType object at 0x000001C113995860>)
2018-12-01 23:13:01,951 - DEBUG - register_type('{http://www.w3.org/2001/XMLSchema}anySimpleType', <zeep.xsd.types.simple.AnySimpleType object at 0x000001C113995898>)
2018-12-01 23:13:01,951 - DEBUG - register_element('{http://www.w3.org/2001/XMLSchema}schema', <zeep.xsd.elements.builtins.Schema object at 0x000001C1139958D0>)
2018-12-01 23:13:01,951 - DEBUG - Add document with tns http://www.w3.org/2001/XMLSchema to schema 1928769046568
2018-12-01 23:13:01,952 - DEBUG - Loading remote data from: https://www.vservercontrolpanel.de:443/WSEndUser?wsdl
2018-12-01 23:13:01,959 - DEBUG - Starting new HTTPS connection (1): www.vservercontrolpanel.de:443
2018-12-01 23:13:02,115 - DEBUG - https://www.vservercontrolpanel.de:443 "GET /WSEndUser?wsdl HTTP/1.1" 200 None
2018-12-01 23:13:02,124 - DEBUG - Creating definition for https://www.vservercontrolpanel.de:443/WSEndUser?wsdl
2018-12-01 23:13:02,125 - DEBUG - Init schema document for 'https://www.vservercontrolpanel.de:443/WSEndUser?wsdl'
2018-12-01 23:13:02,125 - DEBUG - Add document with tns None to schema 1928769046568
2018-12-01 23:13:02,125 - DEBUG - Loading remote data from: https://www.vservercontrolpanel.de:443/VCP/WSEndUser?xsd=1
2018-12-01 23:13:02,126 - DEBUG - Resetting dropped connection: www.vservercontrolpanel.de
2018-12-01 23:13:02,244 - DEBUG - https://www.vservercontrolpanel.de:443 "GET /VCP/WSEndUser?xsd=1 HTTP/1.1" 200 None
2018-12-01 23:13:02,245 - DEBUG - Init schema document for 'https://www.vservercontrolpanel.de:443/VCP/WSEndUser?xsd=1'
2018-12-01 23:13:02,246 - DEBUG - Add document with tns http://enduser.service.web.vcp.netcup.de/ to schema 1928769046568
2018-12-01 23:13:02,246 - DEBUG - register_element('{http://enduser.service.web.vcp.netcup.de/}addFirewallRule', <Element(name='addFirewallRule', type=<UnresolvedType(qname='{http://enduser.service.web.vcp.netcup.de/}addFirewallRule')>)>)
2018-12-01 23:13:02,246 - DEBUG - register_element('{http://enduser.service.web.vcp.netcup.de/}addFirewallRuleResponse', <Element(name='addFirewallRuleResponse', type=<UnresolvedType(qname='{http://enduser.service.web.vcp.netcup.de/}addFirewallRuleResponse')>)>)
2018-12-01 23:13:02,246 - DEBUG - register_element('{http://enduser.service.web.vcp.netcup.de/}changeIPRouting', <Element(name='changeIPRouting', type=<UnresolvedType(qname='{http://enduser.service.web.vcp.netcup.de/}changeIPRouting')>)>)
2018-12-01 23:13:02,246 - DEBUG - register_element('{http://enduser.service.web.vcp.netcup.de/}changeIPRoutingResponse', <Element(name='changeIPRoutingResponse', type=<UnresolvedType(qname='{http://enduser.service.web.vcp.netcup.de/}changeIPRoutingResponse')>)>)
2018-12-01 23:13:02,246 - DEBUG - register_element('{http://enduser.service.web.vcp.netcup.de/}deleteFirewallRule', <Element(name='deleteFirewallRule', type=<UnresolvedType(qname='{http://enduser.service.web.vcp.netcup.de/}deleteFirewallRule')>)>)
2018-12-01 23:13:02,246 - DEBUG - register_element('{http://enduser.service.web.vcp.netcup.de/}deleteFirewallRuleResponse', <Element(name='deleteFirewallRuleResponse', type=<UnresolvedType(qname='{http://enduser.service.web.vcp.netcup.de/}deleteFirewallRuleResponse')>)>)
2018-12-01 23:13:02,247 - DEBUG - register_element('{http://enduser.service.web.vcp.netcup.de/}getFirewall', <Element(name='getFirewall', type=<UnresolvedType(qname='{http://enduser.service.web.vcp.netcup.de/}getFirewall')>)>)
2018-12-01 23:13:02,247 - DEBUG - register_element('{http://enduser.service.web.vcp.netcup.de/}getFirewallResponse', <Element(name='getFirewallResponse', type=<UnresolvedType(qname='{http://enduser.service.web.vcp.netcup.de/}getFirewallResponse')>)>)
2018-12-01 23:13:02,247 - DEBUG - register_element('{http://enduser.service.web.vcp.netcup.de/}getVServerIPs', <Element(name='getVServerIPs', type=<UnresolvedType(qname='{http://enduser.service.web.vcp.netcup.de/}getVServerIPs')>)>)
2018-12-01 23:13:02,247 - DEBUG - register_element('{http://enduser.service.web.vcp.netcup.de/}getVServerIPsResponse', <Element(name='getVServerIPsResponse', type=<UnresolvedType(qname='{http://enduser.service.web.vcp.netcup.de/}getVServerIPsResponse')>)>)
2018-12-01 23:13:02,247 - DEBUG - register_element('{http://enduser.service.web.vcp.netcup.de/}getVServerInformation', <Element(name='getVServerInformation', type=<UnresolvedType(qname='{http://enduser.service.web.vcp.netcup.de/}getVServerInformation')>)>)
2018-12-01 23:13:02,247 - DEBUG - register_element('{http://enduser.service.web.vcp.netcup.de/}getVServerInformationResponse', <Element(name='getVServerInformationResponse', type=<UnresolvedType(qname='{http://enduser.service.web.vcp.netcup.de/}getVServerInformationResponse')>)>)
2018-12-01 23:13:02,247 - DEBUG - register_element('{http://enduser.service.web.vcp.netcup.de/}getVServerLoad', <Element(name='getVServerLoad', type=<UnresolvedType(qname='{http://enduser.service.web.vcp.netcup.de/}getVServerLoad')>)>)
2018-12-01 23:13:02,247 - DEBUG - register_element('{http://enduser.service.web.vcp.netcup.de/}getVServerLoadResponse', <Element(name='getVServerLoadResponse', type=<UnresolvedType(qname='{http://enduser.service.web.vcp.netcup.de/}getVServerLoadResponse')>)>)
2018-12-01 23:13:02,247 - DEBUG - register_element('{http://enduser.service.web.vcp.netcup.de/}getVServerNickname', <Element(name='getVServerNickname', type=<UnresolvedType(qname='{http://enduser.service.web.vcp.netcup.de/}getVServerNickname')>)>)
2018-12-01 23:13:02,247 - DEBUG - register_element('{http://enduser.service.web.vcp.netcup.de/}getVServerNicknameResponse', <Element(name='getVServerNicknameResponse', type=<UnresolvedType(qname='{http://enduser.service.web.vcp.netcup.de/}getVServerNicknameResponse')>)>)
2018-12-01 23:13:02,248 - DEBUG - register_element('{http://enduser.service.web.vcp.netcup.de/}getVServerProcesses', <Element(name='getVServerProcesses', type=<UnresolvedType(qname='{http://enduser.service.web.vcp.netcup.de/}getVServerProcesses')>)>)
2018-12-01 23:13:02,248 - DEBUG - register_element('{http://enduser.service.web.vcp.netcup.de/}getVServerProcessesResponse', <Element(name='getVServerProcessesResponse', type=<UnresolvedType(qname='{http://enduser.service.web.vcp.netcup.de/}getVServerProcessesResponse')>)>)
2018-12-01 23:13:02,248 - DEBUG - register_element('{http://enduser.service.web.vcp.netcup.de/}getVServerState', <Element(name='getVServerState', type=<UnresolvedType(qname='{http://enduser.service.web.vcp.netcup.de/}getVServerState')>)>)
2018-12-01 23:13:02,248 - DEBUG - register_element('{http://enduser.service.web.vcp.netcup.de/}getVServerStateResponse', <Element(name='getVServerStateResponse', type=<UnresolvedType(qname='{http://enduser.service.web.vcp.netcup.de/}getVServerStateResponse')>)>)
2018-12-01 23:13:02,248 - DEBUG - register_element('{http://enduser.service.web.vcp.netcup.de/}getVServerTrafficOfDay', <Element(name='getVServerTrafficOfDay', type=<UnresolvedType(qname='{http://enduser.service.web.vcp.netcup.de/}getVServerTrafficOfDay')>)>)
2018-12-01 23:13:02,248 - DEBUG - register_element('{http://enduser.service.web.vcp.netcup.de/}getVServerTrafficOfDayResponse', <Element(name='getVServerTrafficOfDayResponse', type=<UnresolvedType(qname='{http://enduser.service.web.vcp.netcup.de/}getVServerTrafficOfDayResponse')>)>)
2018-12-01 23:13:02,248 - DEBUG - register_element('{http://enduser.service.web.vcp.netcup.de/}getVServerTrafficOfMonth', <Element(name='getVServerTrafficOfMonth', type=<UnresolvedType(qname='{http://enduser.service.web.vcp.netcup.de/}getVServerTrafficOfMonth')>)>)
2018-12-01 23:13:02,248 - DEBUG - register_element('{http://enduser.service.web.vcp.netcup.de/}getVServerTrafficOfMonthResponse', <Element(name='getVServerTrafficOfMonthResponse', type=<UnresolvedType(qname='{http://enduser.service.web.vcp.netcup.de/}getVServerTrafficOfMonthResponse')>)>)
2018-12-01 23:13:02,248 - DEBUG - register_element('{http://enduser.service.web.vcp.netcup.de/}getVServerUptime', <Element(name='getVServerUptime', type=<UnresolvedType(qname='{http://enduser.service.web.vcp.netcup.de/}getVServerUptime')>)>)
2018-12-01 23:13:02,249 - DEBUG - register_element('{http://enduser.service.web.vcp.netcup.de/}getVServerUptimeResponse', <Element(name='getVServerUptimeResponse', type=<UnresolvedType(qname='{http://enduser.service.web.vcp.netcup.de/}getVServerUptimeResponse')>)>)
2018-12-01 23:13:02,249 - DEBUG - register_element('{http://enduser.service.web.vcp.netcup.de/}getVServers', <Element(name='getVServers', type=<UnresolvedType(qname='{http://enduser.service.web.vcp.netcup.de/}getVServers')>)>)
2018-12-01 23:13:02,249 - DEBUG - register_element('{http://enduser.service.web.vcp.netcup.de/}getVServersResponse', <Element(name='getVServersResponse', type=<UnresolvedType(qname='{http://enduser.service.web.vcp.netcup.de/}getVServersResponse')>)>)
2018-12-01 23:13:02,249 - DEBUG - register_element('{http://enduser.service.web.vcp.netcup.de/}setVServerNickname', <Element(name='setVServerNickname', type=<UnresolvedType(qname='{http://enduser.service.web.vcp.netcup.de/}setVServerNickname')>)>)
2018-12-01 23:13:02,249 - DEBUG - register_element('{http://enduser.service.web.vcp.netcup.de/}setVServerNicknameResponse', <Element(name='setVServerNicknameResponse', type=<UnresolvedType(qname='{http://enduser.service.web.vcp.netcup.de/}setVServerNicknameResponse')>)>)
2018-12-01 23:13:02,249 - DEBUG - register_element('{http://enduser.service.web.vcp.netcup.de/}startVServer', <Element(name='startVServer', type=<UnresolvedType(qname='{http://enduser.service.web.vcp.netcup.de/}startVServer')>)>)
2018-12-01 23:13:02,249 - DEBUG - register_element('{http://enduser.service.web.vcp.netcup.de/}startVServerResponse', <Element(name='startVServerResponse', type=<UnresolvedType(qname='{http://enduser.service.web.vcp.netcup.de/}startVServerResponse')>)>)
2018-12-01 23:13:02,249 - DEBUG - register_element('{http://enduser.service.web.vcp.netcup.de/}stopVServer', <Element(name='stopVServer', type=<UnresolvedType(qname='{http://enduser.service.web.vcp.netcup.de/}stopVServer')>)>)
2018-12-01 23:13:02,249 - DEBUG - register_element('{http://enduser.service.web.vcp.netcup.de/}stopVServerResponse', <Element(name='stopVServerResponse', type=<UnresolvedType(qname='{http://enduser.service.web.vcp.netcup.de/}stopVServerResponse')>)>)
2018-12-01 23:13:02,250 - DEBUG - register_element('{http://enduser.service.web.vcp.netcup.de/}vServerACPIReboot', <Element(name='vServerACPIReboot', type=<UnresolvedType(qname='{http://enduser.service.web.vcp.netcup.de/}vServerACPIReboot')>)>)
2018-12-01 23:13:02,250 - DEBUG - register_element('{http://enduser.service.web.vcp.netcup.de/}vServerACPIRebootResponse', <Element(name='vServerACPIRebootResponse', type=<UnresolvedType(qname='{http://enduser.service.web.vcp.netcup.de/}vServerACPIRebootResponse')>)>)
2018-12-01 23:13:02,250 - DEBUG - register_element('{http://enduser.service.web.vcp.netcup.de/}vServerACPIShutdown', <Element(name='vServerACPIShutdown', type=<UnresolvedType(qname='{http://enduser.service.web.vcp.netcup.de/}vServerACPIShutdown')>)>)
2018-12-01 23:13:02,250 - DEBUG - register_element('{http://enduser.service.web.vcp.netcup.de/}vServerACPIShutdownResponse', <Element(name='vServerACPIShutdownResponse', type=<UnresolvedType(qname='{http://enduser.service.web.vcp.netcup.de/}vServerACPIShutdownResponse')>)>)
2018-12-01 23:13:02,250 - DEBUG - register_element('{http://enduser.service.web.vcp.netcup.de/}vServerPoweroff', <Element(name='vServerPoweroff', type=<UnresolvedType(qname='{http://enduser.service.web.vcp.netcup.de/}vServerPoweroff')>)>)
2018-12-01 23:13:02,250 - DEBUG - register_element('{http://enduser.service.web.vcp.netcup.de/}vServerPoweroffResponse', <Element(name='vServerPoweroffResponse', type=<UnresolvedType(qname='{http://enduser.service.web.vcp.netcup.de/}vServerPoweroffResponse')>)>)
2018-12-01 23:13:02,250 - DEBUG - register_element('{http://enduser.service.web.vcp.netcup.de/}vServerReset', <Element(name='vServerReset', type=<UnresolvedType(qname='{http://enduser.service.web.vcp.netcup.de/}vServerReset')>)>)
2018-12-01 23:13:02,250 - DEBUG - register_element('{http://enduser.service.web.vcp.netcup.de/}vServerResetResponse', <Element(name='vServerResetResponse', type=<UnresolvedType(qname='{http://enduser.service.web.vcp.netcup.de/}vServerResetResponse')>)>)
2018-12-01 23:13:02,250 - DEBUG - register_element('{http://enduser.service.web.vcp.netcup.de/}vServerRestore', <Element(name='vServerRestore', type=<UnresolvedType(qname='{http://enduser.service.web.vcp.netcup.de/}vServerRestore')>)>)
2018-12-01 23:13:02,250 - DEBUG - register_element('{http://enduser.service.web.vcp.netcup.de/}vServerRestoreResponse', <Element(name='vServerRestoreResponse', type=<UnresolvedType(qname='{http://enduser.service.web.vcp.netcup.de/}vServerRestoreResponse')>)>)
2018-12-01 23:13:02,251 - DEBUG - register_element('{http://enduser.service.web.vcp.netcup.de/}vServerResume', <Element(name='vServerResume', type=<UnresolvedType(qname='{http://enduser.service.web.vcp.netcup.de/}vServerResume')>)>)
2018-12-01 23:13:02,251 - DEBUG - register_element('{http://enduser.service.web.vcp.netcup.de/}vServerResumeResponse', <Element(name='vServerResumeResponse', type=<UnresolvedType(qname='{http://enduser.service.web.vcp.netcup.de/}vServerResumeResponse')>)>)
2018-12-01 23:13:02,251 - DEBUG - register_element('{http://enduser.service.web.vcp.netcup.de/}vServerSave', <Element(name='vServerSave', type=<UnresolvedType(qname='{http://enduser.service.web.vcp.netcup.de/}vServerSave')>)>)
2018-12-01 23:13:02,251 - DEBUG - register_element('{http://enduser.service.web.vcp.netcup.de/}vServerSaveResponse', <Element(name='vServerSaveResponse', type=<UnresolvedType(qname='{http://enduser.service.web.vcp.netcup.de/}vServerSaveResponse')>)>)
2018-12-01 23:13:02,251 - DEBUG - register_element('{http://enduser.service.web.vcp.netcup.de/}vServerStart', <Element(name='vServerStart', type=<UnresolvedType(qname='{http://enduser.service.web.vcp.netcup.de/}vServerStart')>)>)
2018-12-01 23:13:02,251 - DEBUG - register_element('{http://enduser.service.web.vcp.netcup.de/}vServerStartResponse', <Element(name='vServerStartResponse', type=<UnresolvedType(qname='{http://enduser.service.web.vcp.netcup.de/}vServerStartResponse')>)>)
2018-12-01 23:13:02,251 - DEBUG - register_element('{http://enduser.service.web.vcp.netcup.de/}vServerSuspend', <Element(name='vServerSuspend', type=<UnresolvedType(qname='{http://enduser.service.web.vcp.netcup.de/}vServerSuspend')>)>)
2018-12-01 23:13:02,251 - DEBUG - register_element('{http://enduser.service.web.vcp.netcup.de/}vServerSuspendResponse', <Element(name='vServerSuspendResponse', type=<UnresolvedType(qname='{http://enduser.service.web.vcp.netcup.de/}vServerSuspendResponse')>)>)
2018-12-01 23:13:02,252 - DEBUG - register_type('{http://enduser.service.web.vcp.netcup.de/}getVServerProcesses', <zeep.xsd.dynamic_types.getVServerProcesses object at 0x000001C1139CCFD0>)
2018-12-01 23:13:02,252 - DEBUG - register_type('{http://enduser.service.web.vcp.netcup.de/}getVServerProcessesResponse', <zeep.xsd.dynamic_types.getVServerProcessesResponse object at 0x000001C1139D8240>)
2018-12-01 23:13:02,252 - DEBUG - register_type('{http://enduser.service.web.vcp.netcup.de/}getVServerIPs', <zeep.xsd.dynamic_types.getVServerIPs object at 0x000001C1139D8358>)
2018-12-01 23:13:02,252 - DEBUG - register_type('{http://enduser.service.web.vcp.netcup.de/}getVServerIPsResponse', <zeep.xsd.dynamic_types.getVServerIPsResponse object at 0x000001C1139D8588>)
2018-12-01 23:13:02,252 - DEBUG - register_type('{http://enduser.service.web.vcp.netcup.de/}vServerReset', <zeep.xsd.dynamic_types.vServerReset object at 0x000001C1139D86A0>)
2018-12-01 23:13:02,252 - DEBUG - register_type('{http://enduser.service.web.vcp.netcup.de/}vServerResetResponse', <zeep.xsd.dynamic_types.vServerResetResponse object at 0x000001C1139D88D0>)
2018-12-01 23:13:02,253 - DEBUG - register_type('{http://enduser.service.web.vcp.netcup.de/}vServerResume', <zeep.xsd.dynamic_types.vServerResume object at 0x000001C1139D89E8>)
2018-12-01 23:13:02,253 - DEBUG - register_type('{http://enduser.service.web.vcp.netcup.de/}vServerResumeResponse', <zeep.xsd.dynamic_types.vServerResumeResponse object at 0x000001C1139D8C18>)
2018-12-01 23:13:02,253 - DEBUG - register_type('{http://enduser.service.web.vcp.netcup.de/}vServerStart', <zeep.xsd.dynamic_types.vServerStart object at 0x000001C1139D8D30>)
2018-12-01 23:13:02,253 - DEBUG - register_type('{http://enduser.service.web.vcp.netcup.de/}vServerStartResponse', <zeep.xsd.dynamic_types.vServerStartResponse object at 0x000001C1139D8F60>)
2018-12-01 23:13:02,253 - DEBUG - register_type('{http://enduser.service.web.vcp.netcup.de/}getFirewall', <zeep.xsd.dynamic_types.getFirewall object at 0x000001C1139DE080>)
2018-12-01 23:13:02,253 - DEBUG - register_type('{http://enduser.service.web.vcp.netcup.de/}getFirewallResponse', <zeep.xsd.dynamic_types.getFirewallResponse object at 0x000001C1139DE2E8>)
2018-12-01 23:13:02,255 - DEBUG - register_type('{http://enduser.service.web.vcp.netcup.de/}vsFilter', <zeep.xsd.dynamic_types.vsFilter object at 0x000001C1139DE3C8>)
2018-12-01 23:13:02,255 - DEBUG - register_type('{http://enduser.service.web.vcp.netcup.de/}vServerSuspend', <zeep.xsd.dynamic_types.vServerSuspend object at 0x000001C1139E3208>)
2018-12-01 23:13:02,255 - DEBUG - register_type('{http://enduser.service.web.vcp.netcup.de/}vServerSuspendResponse', <zeep.xsd.dynamic_types.vServerSuspendResponse object at 0x000001C1139E3470>)
2018-12-01 23:13:02,255 - DEBUG - register_type('{http://enduser.service.web.vcp.netcup.de/}getVServerInformation', <zeep.xsd.dynamic_types.getVServerInformation object at 0x000001C1139E35C0>)
2018-12-01 23:13:02,255 - DEBUG - register_type('{http://enduser.service.web.vcp.netcup.de/}getVServerInformationResponse', <zeep.xsd.dynamic_types.getVServerInformationResponse object at 0x000001C1139E3828>)
2018-12-01 23:13:02,256 - DEBUG - register_type('{http://enduser.service.web.vcp.netcup.de/}vServerInformationObject', <zeep.xsd.dynamic_types.vServerInformationObject object at 0x000001C1139E3908>)
2018-12-01 23:13:02,256 - DEBUG - register_type('{http://enduser.service.web.vcp.netcup.de/}trafficMonthObject', <zeep.xsd.dynamic_types.trafficMonthObject object at 0x000001C1139E3D30>)
2018-12-01 23:13:02,256 - DEBUG - register_type('{http://enduser.service.web.vcp.netcup.de/}vServerPoweroff', <zeep.xsd.dynamic_types.vServerPoweroff object at 0x000001C1139EA278>)
2018-12-01 23:13:02,256 - DEBUG - register_type('{http://enduser.service.web.vcp.netcup.de/}vServerPoweroffResponse', <zeep.xsd.dynamic_types.vServerPoweroffResponse object at 0x000001C1139EA4A8>)
2018-12-01 23:13:02,256 - DEBUG - register_type('{http://enduser.service.web.vcp.netcup.de/}getVServerState', <zeep.xsd.dynamic_types.getVServerState object at 0x000001C1139EA5F8>)
2018-12-01 23:13:02,257 - DEBUG - register_type('{http://enduser.service.web.vcp.netcup.de/}getVServerStateResponse', <zeep.xsd.dynamic_types.getVServerStateResponse object at 0x000001C1139EA860>)
2018-12-01 23:13:02,257 - DEBUG - register_type('{http://enduser.service.web.vcp.netcup.de/}changeIPRouting', <zeep.xsd.dynamic_types.changeIPRouting object at 0x000001C1139EA9B0>)
2018-12-01 23:13:02,257 - DEBUG - register_type('{http://enduser.service.web.vcp.netcup.de/}changeIPRoutingResponse', <zeep.xsd.dynamic_types.changeIPRoutingResponse object at 0x000001C1139EAE10>)
2018-12-01 23:13:02,257 - DEBUG - register_type('{http://enduser.service.web.vcp.netcup.de/}addFirewallRule', <zeep.xsd.dynamic_types.addFirewallRule object at 0x000001C1139EAF60>)
2018-12-01 23:13:02,258 - DEBUG - register_type('{http://enduser.service.web.vcp.netcup.de/}filterObject', <zeep.xsd.dynamic_types.filterObject object at 0x000001C1139F02E8>)
2018-12-01 23:13:02,258 - DEBUG - register_type('{http://enduser.service.web.vcp.netcup.de/}addFirewallRuleResponse', <zeep.xsd.dynamic_types.addFirewallRuleResponse object at 0x000001C1139F0FD0>)
2018-12-01 23:13:02,258 - DEBUG - register_type('{http://enduser.service.web.vcp.netcup.de/}webServiceSimpleResult', <zeep.xsd.dynamic_types.webServiceSimpleResult object at 0x000001C1139F60F0>)
2018-12-01 23:13:02,258 - DEBUG - register_type('{http://enduser.service.web.vcp.netcup.de/}getVServerUptime', <zeep.xsd.dynamic_types.getVServerUptime object at 0x000001C1139F6358>)
2018-12-01 23:13:02,258 - DEBUG - register_type('{http://enduser.service.web.vcp.netcup.de/}getVServerUptimeResponse', <zeep.xsd.dynamic_types.getVServerUptimeResponse object at 0x000001C1139F65C0>)
2018-12-01 23:13:02,258 - DEBUG - register_type('{http://enduser.service.web.vcp.netcup.de/}deleteFirewallRule', <zeep.xsd.dynamic_types.deleteFirewallRule object at 0x000001C1139F6710>)
2018-12-01 23:13:02,259 - DEBUG - register_type('{http://enduser.service.web.vcp.netcup.de/}deleteFirewallRuleResponse', <zeep.xsd.dynamic_types.deleteFirewallRuleResponse object at 0x000001C1139F66A0>)
2018-12-01 23:13:02,259 - DEBUG - register_type('{http://enduser.service.web.vcp.netcup.de/}getVServerTrafficOfMonth', <zeep.xsd.dynamic_types.getVServerTrafficOfMonth object at 0x000001C1139F6B00>)
2018-12-01 23:13:02,259 - DEBUG - register_type('{http://enduser.service.web.vcp.netcup.de/}getVServerTrafficOfMonthResponse', <zeep.xsd.dynamic_types.getVServerTrafficOfMonthResponse object at 0x000001C1139F6F98>)
2018-12-01 23:13:02,259 - DEBUG - register_type('{http://enduser.service.web.vcp.netcup.de/}vServerACPIReboot', <zeep.xsd.dynamic_types.vServerACPIReboot object at 0x000001C1139FD080>)
2018-12-01 23:13:02,259 - DEBUG - register_type('{http://enduser.service.web.vcp.netcup.de/}vServerACPIRebootResponse', <zeep.xsd.dynamic_types.vServerACPIRebootResponse object at 0x000001C1139FD320>)
2018-12-01 23:13:02,259 - DEBUG - register_type('{http://enduser.service.web.vcp.netcup.de/}stopVServer', <zeep.xsd.dynamic_types.stopVServer object at 0x000001C1139FD470>)
2018-12-01 23:13:02,260 - DEBUG - register_type('{http://enduser.service.web.vcp.netcup.de/}stopVServerResponse', <zeep.xsd.dynamic_types.stopVServerResponse object at 0x000001C1139FD6D8>)
2018-12-01 23:13:02,260 - DEBUG - register_type('{http://enduser.service.web.vcp.netcup.de/}getVServerTrafficOfDay', <zeep.xsd.dynamic_types.getVServerTrafficOfDay object at 0x000001C1139FD7B8>)
2018-12-01 23:13:02,260 - DEBUG - register_type('{http://enduser.service.web.vcp.netcup.de/}getVServerTrafficOfDayResponse', <zeep.xsd.dynamic_types.getVServerTrafficOfDayResponse object at 0x000001C1139FDD30>)
2018-12-01 23:13:02,260 - DEBUG - register_type('{http://enduser.service.web.vcp.netcup.de/}trafficDayObject', <zeep.xsd.dynamic_types.trafficDayObject object at 0x000001C1139FDDD8>)
2018-12-01 23:13:02,260 - DEBUG - register_type('{http://enduser.service.web.vcp.netcup.de/}getVServerNickname', <zeep.xsd.dynamic_types.getVServerNickname object at 0x000001C1139FDFD0>)
2018-12-01 23:13:02,260 - DEBUG - register_type('{http://enduser.service.web.vcp.netcup.de/}getVServerNicknameResponse', <zeep.xsd.dynamic_types.getVServerNicknameResponse object at 0x000001C113A01240>)
2018-12-01 23:13:02,261 - DEBUG - register_type('{http://enduser.service.web.vcp.netcup.de/}setVServerNickname', <zeep.xsd.dynamic_types.setVServerNickname object at 0x000001C113A01390>)
2018-12-01 23:13:02,261 - DEBUG - register_type('{http://enduser.service.web.vcp.netcup.de/}setVServerNicknameResponse', <zeep.xsd.dynamic_types.setVServerNicknameResponse object at 0x000001C113A01320>)
2018-12-01 23:13:02,261 - DEBUG - register_type('{http://enduser.service.web.vcp.netcup.de/}getVServerLoad', <zeep.xsd.dynamic_types.getVServerLoad object at 0x000001C113A017F0>)
2018-12-01 23:13:02,261 - DEBUG - register_type('{http://enduser.service.web.vcp.netcup.de/}getVServerLoadResponse', <zeep.xsd.dynamic_types.getVServerLoadResponse object at 0x000001C113A01A58>)
2018-12-01 23:13:02,261 - DEBUG - register_type('{http://enduser.service.web.vcp.netcup.de/}vServerACPIShutdown', <zeep.xsd.dynamic_types.vServerACPIShutdown object at 0x000001C113A01BA8>)
2018-12-01 23:13:02,262 - DEBUG - register_type('{http://enduser.service.web.vcp.netcup.de/}vServerACPIShutdownResponse', <zeep.xsd.dynamic_types.vServerACPIShutdownResponse object at 0x000001C113A01E10>)
2018-12-01 23:13:02,262 - DEBUG - register_type('{http://enduser.service.web.vcp.netcup.de/}vServerSave', <zeep.xsd.dynamic_types.vServerSave object at 0x000001C113A01F60>)
2018-12-01 23:13:02,262 - DEBUG - register_type('{http://enduser.service.web.vcp.netcup.de/}vServerSaveResponse', <zeep.xsd.dynamic_types.vServerSaveResponse object at 0x000001C113A08208>)
2018-12-01 23:13:02,262 - DEBUG - register_type('{http://enduser.service.web.vcp.netcup.de/}getVServers', <zeep.xsd.dynamic_types.getVServers object at 0x000001C113A08358>)
2018-12-01 23:13:02,262 - DEBUG - register_type('{http://enduser.service.web.vcp.netcup.de/}getVServersResponse', <zeep.xsd.dynamic_types.getVServersResponse object at 0x000001C113A08518>)
2018-12-01 23:13:02,262 - DEBUG - register_type('{http://enduser.service.web.vcp.netcup.de/}vServerRestore', <zeep.xsd.dynamic_types.vServerRestore object at 0x000001C113A08668>)
2018-12-01 23:13:02,262 - DEBUG - register_type('{http://enduser.service.web.vcp.netcup.de/}vServerRestoreResponse', <zeep.xsd.dynamic_types.vServerRestoreResponse object at 0x000001C113A088D0>)
2018-12-01 23:13:02,263 - DEBUG - register_type('{http://enduser.service.web.vcp.netcup.de/}startVServer', <zeep.xsd.dynamic_types.startVServer object at 0x000001C113A08A20>)
2018-12-01 23:13:02,263 - DEBUG - register_type('{http://enduser.service.web.vcp.netcup.de/}startVServerResponse', <zeep.xsd.dynamic_types.startVServerResponse object at 0x000001C113A08C88>)
2018-12-01 23:13:02,263 - DEBUG - register_type('{http://enduser.service.web.vcp.netcup.de/}vsipType', <UnresolvedCustomType(qname='{http://enduser.service.web.vcp.netcup.de/}vsipType', base_type=<UnresolvedType(qname='{http://www.w3.org/2001/XMLSchema}string')>)>)
2018-12-01 23:13:02,263 - DEBUG - Resolving in schema <SchemaDocument(location='https://www.vservercontrolpanel.de:443/WSEndUser?wsdl', tns=None, is_empty=False)>
2018-12-01 23:13:02,263 - DEBUG - Resolving in schema <SchemaDocument(location='https://www.vservercontrolpanel.de:443/VCP/WSEndUser?xsd=1', tns='http://enduser.service.web.vcp.netcup.de/', is_empty=False)>
2018-12-01 23:13:02,264 - DEBUG - Adding message: {http://enduser.service.web.vcp.netcup.de/}getVServers
2018-12-01 23:13:02,265 - DEBUG - Adding message: {http://enduser.service.web.vcp.netcup.de/}getVServersResponse
2018-12-01 23:13:02,265 - DEBUG - Adding message: {http://enduser.service.web.vcp.netcup.de/}getVServerInformation
2018-12-01 23:13:02,265 - DEBUG - Adding message: {http://enduser.service.web.vcp.netcup.de/}getVServerInformationResponse
2018-12-01 23:13:02,265 - DEBUG - Adding message: {http://enduser.service.web.vcp.netcup.de/}getVServerNickname
2018-12-01 23:13:02,265 - DEBUG - Adding message: {http://enduser.service.web.vcp.netcup.de/}getVServerNicknameResponse
2018-12-01 23:13:02,265 - DEBUG - Adding message: {http://enduser.service.web.vcp.netcup.de/}setVServerNickname
2018-12-01 23:13:02,265 - DEBUG - Adding message: {http://enduser.service.web.vcp.netcup.de/}setVServerNicknameResponse
2018-12-01 23:13:02,265 - DEBUG - Adding message: {http://enduser.service.web.vcp.netcup.de/}getVServerState
2018-12-01 23:13:02,265 - DEBUG - Adding message: {http://enduser.service.web.vcp.netcup.de/}getVServerStateResponse
2018-12-01 23:13:02,266 - DEBUG - Adding message: {http://enduser.service.web.vcp.netcup.de/}getVServerLoad
2018-12-01 23:13:02,266 - DEBUG - Adding message: {http://enduser.service.web.vcp.netcup.de/}getVServerLoadResponse
2018-12-01 23:13:02,266 - DEBUG - Adding message: {http://enduser.service.web.vcp.netcup.de/}getVServerUptime
2018-12-01 23:13:02,266 - DEBUG - Adding message: {http://enduser.service.web.vcp.netcup.de/}getVServerUptimeResponse
2018-12-01 23:13:02,266 - DEBUG - Adding message: {http://enduser.service.web.vcp.netcup.de/}getVServerProcesses
2018-12-01 23:13:02,266 - DEBUG - Adding message: {http://enduser.service.web.vcp.netcup.de/}getVServerProcessesResponse
2018-12-01 23:13:02,266 - DEBUG - Adding message: {http://enduser.service.web.vcp.netcup.de/}getVServerIPs
2018-12-01 23:13:02,266 - DEBUG - Adding message: {http://enduser.service.web.vcp.netcup.de/}getVServerIPsResponse
2018-12-01 23:13:02,266 - DEBUG - Adding message: {http://enduser.service.web.vcp.netcup.de/}startVServer
2018-12-01 23:13:02,267 - DEBUG - Adding message: {http://enduser.service.web.vcp.netcup.de/}startVServerResponse
2018-12-01 23:13:02,267 - DEBUG - Adding message: {http://enduser.service.web.vcp.netcup.de/}stopVServer
2018-12-01 23:13:02,267 - DEBUG - Adding message: {http://enduser.service.web.vcp.netcup.de/}stopVServerResponse
2018-12-01 23:13:02,267 - DEBUG - Adding message: {http://enduser.service.web.vcp.netcup.de/}getFirewall
2018-12-01 23:13:02,267 - DEBUG - Adding message: {http://enduser.service.web.vcp.netcup.de/}getFirewallResponse
2018-12-01 23:13:02,267 - DEBUG - Adding message: {http://enduser.service.web.vcp.netcup.de/}addFirewallRule
2018-12-01 23:13:02,267 - DEBUG - Adding message: {http://enduser.service.web.vcp.netcup.de/}addFirewallRuleResponse
2018-12-01 23:13:02,267 - DEBUG - Adding message: {http://enduser.service.web.vcp.netcup.de/}deleteFirewallRule
2018-12-01 23:13:02,267 - DEBUG - Adding message: {http://enduser.service.web.vcp.netcup.de/}deleteFirewallRuleResponse
2018-12-01 23:13:02,267 - DEBUG - Adding message: {http://enduser.service.web.vcp.netcup.de/}vServerACPIShutdown
2018-12-01 23:13:02,268 - DEBUG - Adding message: {http://enduser.service.web.vcp.netcup.de/}vServerACPIShutdownResponse
2018-12-01 23:13:02,268 - DEBUG - Adding message: {http://enduser.service.web.vcp.netcup.de/}vServerACPIReboot
2018-12-01 23:13:02,268 - DEBUG - Adding message: {http://enduser.service.web.vcp.netcup.de/}vServerACPIRebootResponse
2018-12-01 23:13:02,268 - DEBUG - Adding message: {http://enduser.service.web.vcp.netcup.de/}vServerReset
2018-12-01 23:13:02,268 - DEBUG - Adding message: {http://enduser.service.web.vcp.netcup.de/}vServerResetResponse
2018-12-01 23:13:02,268 - DEBUG - Adding message: {http://enduser.service.web.vcp.netcup.de/}vServerPoweroff
2018-12-01 23:13:02,268 - DEBUG - Adding message: {http://enduser.service.web.vcp.netcup.de/}vServerPoweroffResponse
2018-12-01 23:13:02,268 - DEBUG - Adding message: {http://enduser.service.web.vcp.netcup.de/}vServerStart
2018-12-01 23:13:02,268 - DEBUG - Adding message: {http://enduser.service.web.vcp.netcup.de/}vServerStartResponse
2018-12-01 23:13:02,269 - DEBUG - Adding message: {http://enduser.service.web.vcp.netcup.de/}vServerSuspend
2018-12-01 23:13:02,269 - DEBUG - Adding message: {http://enduser.service.web.vcp.netcup.de/}vServerSuspendResponse
2018-12-01 23:13:02,269 - DEBUG - Adding message: {http://enduser.service.web.vcp.netcup.de/}vServerResume
2018-12-01 23:13:02,269 - DEBUG - Adding message: {http://enduser.service.web.vcp.netcup.de/}vServerResumeResponse
2018-12-01 23:13:02,269 - DEBUG - Adding message: {http://enduser.service.web.vcp.netcup.de/}vServerSave
2018-12-01 23:13:02,269 - DEBUG - Adding message: {http://enduser.service.web.vcp.netcup.de/}vServerSaveResponse
2018-12-01 23:13:02,269 - DEBUG - Adding message: {http://enduser.service.web.vcp.netcup.de/}vServerRestore
2018-12-01 23:13:02,269 - DEBUG - Adding message: {http://enduser.service.web.vcp.netcup.de/}vServerRestoreResponse
2018-12-01 23:13:02,269 - DEBUG - Adding message: {http://enduser.service.web.vcp.netcup.de/}getVServerTrafficOfDay
2018-12-01 23:13:02,269 - DEBUG - Adding message: {http://enduser.service.web.vcp.netcup.de/}getVServerTrafficOfDayResponse
2018-12-01 23:13:02,270 - DEBUG - Adding message: {http://enduser.service.web.vcp.netcup.de/}getVServerTrafficOfMonth
2018-12-01 23:13:02,270 - DEBUG - Adding message: {http://enduser.service.web.vcp.netcup.de/}getVServerTrafficOfMonthResponse
2018-12-01 23:13:02,270 - DEBUG - Adding message: {http://enduser.service.web.vcp.netcup.de/}changeIPRouting
2018-12-01 23:13:02,270 - DEBUG - Adding message: {http://enduser.service.web.vcp.netcup.de/}changeIPRoutingResponse
2018-12-01 23:13:02,270 - DEBUG - Adding port: {http://enduser.service.web.vcp.netcup.de/}WSEndUser
2018-12-01 23:13:02,436 - DEBUG - Adding binding: {http://enduser.service.web.vcp.netcup.de/}WSEndUserPortBinding
2018-12-01 23:13:02,436 - DEBUG - Adding service: WSEndUserService
2018-12-01 23:13:02,438 - DEBUG - HTTP Post to https://www.vservercontrolpanel.de:443/VCP/WSEndUser:
<?xml version='1.0' encoding='utf-8'?>
<soap-env:Envelope xmlns:soap-env="http://schemas.xmlsoap.org/soap/envelope/"><soap-env:Body><ns0:getVServerNickname xmlns:ns0="http://enduser.service.web.vcp.netcup.de/"><loginName>48701</loginName><password>NMtvqJP7c/+R</password><vservername>v22018063665168274</vservername></ns0:getVServerNickname></soap-env:Body></soap-env:Envelope>
2018-12-01 23:13:02,439 - DEBUG - Resetting dropped connection: www.vservercontrolpanel.de
2018-12-01 23:13:02,552 - DEBUG - https://www.vservercontrolpanel.de:443 "POST /VCP/WSEndUser HTTP/1.1" 200 None
2018-12-01 23:13:02,553 - DEBUG - HTTP Response from https://www.vservercontrolpanel.de:443/VCP/WSEndUser (status: 200):
<?xml version='1.0' encoding='UTF-8'?><S:Envelope xmlns:S="http://schemas.xmlsoap.org/soap/envelope/"><S:Body><ns2:getVServerNicknameResponse xmlns:ns2="http://enduser.service.web.vcp.netcup.de/"><return>meteor07-prod</return></ns2:getVServerNicknameResponse></S:Body></S:Envelope>
2018-12-01 23:13:02,555 - DEBUG - HTTP Post to https://www.vservercontrolpanel.de:443/VCP/WSEndUser:
<?xml version='1.0' encoding='utf-8'?>
<soap-env:Envelope xmlns:soap-env="http://schemas.xmlsoap.org/soap/envelope/"><soap-env:Body><ns0:getVServerIPs xmlns:ns0="http://enduser.service.web.vcp.netcup.de/"><loginName>48701</loginName><password>NMtvqJP7c/+R</password><vserverName>v22018063665168274</vserverName></ns0:getVServerIPs></soap-env:Body></soap-env:Envelope>
2018-12-01 23:13:02,557 - DEBUG - Resetting dropped connection: www.vservercontrolpanel.de
2018-12-01 23:13:02,781 - DEBUG - https://www.vservercontrolpanel.de:443 "POST /VCP/WSEndUser HTTP/1.1" 200 None
2018-12-01 23:13:02,782 - DEBUG - HTTP Response from https://www.vservercontrolpanel.de:443/VCP/WSEndUser (status: 200):
<?xml version='1.0' encoding='UTF-8'?><S:Envelope xmlns:S="http://schemas.xmlsoap.org/soap/envelope/"><S:Body><ns2:getVServerIPsResponse xmlns:ns2="http://enduser.service.web.vcp.netcup.de/"><return>94.16.113.107</return><return>2a03:4000:28:20f::/64</return></ns2:getVServerIPsResponse></S:Body></S:Envelope>
2018-12-01 23:14:41,028 - DEBUG - Init schema document for None
2018-12-01 23:14:41,028 - DEBUG - register_type('{http://www.w3.org/2001/XMLSchema}string', <zeep.xsd.types.builtins.String object at 0x0000017CB89E2978>)
2018-12-01 23:14:41,028 - DEBUG - register_type('{http://www.w3.org/2001/XMLSchema}boolean', <zeep.xsd.types.builtins.Boolean object at 0x0000017CB89E29B0>)
2018-12-01 23:14:41,028 - DEBUG - register_type('{http://www.w3.org/2001/XMLSchema}decimal', <zeep.xsd.types.builtins.Decimal object at 0x0000017CB89E29E8>)
2018-12-01 23:14:41,029 - DEBUG - register_type('{http://www.w3.org/2001/XMLSchema}float', <zeep.xsd.types.builtins.Float object at 0x0000017CB89E2A58>)
2018-12-01 23:14:41,029 - DEBUG - register_type('{http://www.w3.org/2001/XMLSchema}double', <zeep.xsd.types.builtins.Double object at 0x0000017CB89E2AC8>)
2018-12-01 23:14:41,029 - DEBUG - register_type('{http://www.w3.org/2001/XMLSchema}duration', <zeep.xsd.types.builtins.Duration object at 0x0000017CB89E2B38>)
2018-12-01 23:14:41,029 - DEBUG - register_type('{http://www.w3.org/2001/XMLSchema}dateTime', <zeep.xsd.types.builtins.DateTime object at 0x0000017CB89E2BE0>)
2018-12-01 23:14:41,029 - DEBUG - register_type('{http://www.w3.org/2001/XMLSchema}time', <zeep.xsd.types.builtins.Time object at 0x0000017CB89E2C18>)
2018-12-01 23:14:41,029 - DEBUG - register_type('{http://www.w3.org/2001/XMLSchema}date', <zeep.xsd.types.builtins.Date object at 0x0000017CB89E2BA8>)
2018-12-01 23:14:41,029 - DEBUG - register_type('{http://www.w3.org/2001/XMLSchema}gYearMonth', <zeep.xsd.types.builtins.gYearMonth object at 0x0000017CB89E2C88>)
2018-12-01 23:14:41,029 - DEBUG - register_type('{http://www.w3.org/2001/XMLSchema}gYear', <zeep.xsd.types.builtins.gYear object at 0x0000017CB89E2D30>)
2018-12-01 23:14:41,029 - DEBUG - register_type('{http://www.w3.org/2001/XMLSchema}gMonthDay', <zeep.xsd.types.builtins.gMonthDay object at 0x0000017CB89E2CF8>)
2018-12-01 23:14:41,029 - DEBUG - register_type('{http://www.w3.org/2001/XMLSchema}gDay', <zeep.xsd.types.builtins.gDay object at 0x0000017CB89E2DD8>)
2018-12-01 23:14:41,030 - DEBUG - register_type('{http://www.w3.org/2001/XMLSchema}gMonth', <zeep.xsd.types.builtins.gMonth object at 0x0000017CB89E2DA0>)
2018-12-01 23:14:41,030 - DEBUG - register_type('{http://www.w3.org/2001/XMLSchema}hexBinary', <zeep.xsd.types.builtins.HexBinary object at 0x0000017CB89E2E48>)
2018-12-01 23:14:41,030 - DEBUG - register_type('{http://www.w3.org/2001/XMLSchema}base64Binary', <zeep.xsd.types.builtins.Base64Binary object at 0x0000017CB89E2EF0>)
2018-12-01 23:14:41,030 - DEBUG - register_type('{http://www.w3.org/2001/XMLSchema}anyURI', <zeep.xsd.types.builtins.AnyURI object at 0x0000017CB89E2F28>)
2018-12-01 23:14:41,030 - DEBUG - register_type('{http://www.w3.org/2001/XMLSchema}QName', <zeep.xsd.types.builtins.QName object at 0x0000017CB89E2EB8>)
2018-12-01 23:14:41,030 - DEBUG - register_type('{http://www.w3.org/2001/XMLSchema}NOTATION', <zeep.xsd.types.builtins.Notation object at 0x0000017CB89E2F98>)
2018-12-01 23:14:41,030 - DEBUG - register_type('{http://www.w3.org/2001/XMLSchema}normalizedString', <zeep.xsd.types.builtins.NormalizedString object at 0x0000017CB89F6048>)
2018-12-01 23:14:41,030 - DEBUG - register_type('{http://www.w3.org/2001/XMLSchema}token', <zeep.xsd.types.builtins.Token object at 0x0000017CB89F60B8>)
2018-12-01 23:14:41,030 - DEBUG - register_type('{http://www.w3.org/2001/XMLSchema}language', <zeep.xsd.types.builtins.Language object at 0x0000017CB89F6080>)
2018-12-01 23:14:41,030 - DEBUG - register_type('{http://www.w3.org/2001/XMLSchema}NMTOKEN', <zeep.xsd.types.builtins.NmToken object at 0x0000017CB89F6160>)
2018-12-01 23:14:41,031 - DEBUG - register_type('{http://www.w3.org/2001/XMLSchema}NMTOKENS', <zeep.xsd.types.builtins.NmTokens object at 0x0000017CB89F6128>)
2018-12-01 23:14:41,031 - DEBUG - register_type('{http://www.w3.org/2001/XMLSchema}Name', <zeep.xsd.types.builtins.Name object at 0x0000017CB89F6208>)
2018-12-01 23:14:41,031 - DEBUG - register_type('{http://www.w3.org/2001/XMLSchema}NCName', <zeep.xsd.types.builtins.NCName object at 0x0000017CB89F61D0>)
2018-12-01 23:14:41,031 - DEBUG - register_type('{http://www.w3.org/2001/XMLSchema}ID', <zeep.xsd.types.builtins.ID object at 0x0000017CB89F6278>)
2018-12-01 23:14:41,031 - DEBUG - register_type('{http://www.w3.org/2001/XMLSchema}IDREF', <zeep.xsd.types.builtins.IDREF object at 0x0000017CB89F62E8>)
2018-12-01 23:14:41,031 - DEBUG - register_type('{http://www.w3.org/2001/XMLSchema}IDREFS', <zeep.xsd.types.builtins.IDREFS object at 0x0000017CB89F6358>)
2018-12-01 23:14:41,031 - DEBUG - register_type('{http://www.w3.org/2001/XMLSchema}ENTITY', <zeep.xsd.types.builtins.Entity object at 0x0000017CB89F63C8>)
2018-12-01 23:14:41,031 - DEBUG - register_type('{http://www.w3.org/2001/XMLSchema}ENTITIES', <zeep.xsd.types.builtins.Entities object at 0x0000017CB89F6438>)
2018-12-01 23:14:41,031 - DEBUG - register_type('{http://www.w3.org/2001/XMLSchema}integer', <zeep.xsd.types.builtins.Integer object at 0x0000017CB89F64E0>)
2018-12-01 23:14:41,031 - DEBUG - register_type('{http://www.w3.org/2001/XMLSchema}nonPositiveInteger', <zeep.xsd.types.builtins.NonPositiveInteger object at 0x0000017CB89F64A8>)
2018-12-01 23:14:41,031 - DEBUG - register_type('{http://www.w3.org/2001/XMLSchema}negativeInteger', <zeep.xsd.types.builtins.NegativeInteger object at 0x0000017CB89F6588>)
2018-12-01 23:14:41,031 - DEBUG - register_type('{http://www.w3.org/2001/XMLSchema}long', <zeep.xsd.types.builtins.Long object at 0x0000017CB89F65C0>)
2018-12-01 23:14:41,031 - DEBUG - register_type('{http://www.w3.org/2001/XMLSchema}int', <zeep.xsd.types.builtins.Int object at 0x0000017CB89F6550>)
2018-12-01 23:14:41,032 - DEBUG - register_type('{http://www.w3.org/2001/XMLSchema}short', <zeep.xsd.types.builtins.Short object at 0x0000017CB89F6630>)
2018-12-01 23:14:41,032 - DEBUG - register_type('{http://www.w3.org/2001/XMLSchema}byte', <zeep.xsd.types.builtins.Byte object at 0x0000017CB89F66A0>)
2018-12-01 23:14:41,032 - DEBUG - register_type('{http://www.w3.org/2001/XMLSchema}nonNegativeInteger', <zeep.xsd.types.builtins.NonNegativeInteger object at 0x0000017CB89F6710>)
2018-12-01 23:14:41,032 - DEBUG - register_type('{http://www.w3.org/2001/XMLSchema}unsignedByte', <zeep.xsd.types.builtins.UnsignedByte object at 0x0000017CB89F67B8>)
2018-12-01 23:14:41,032 - DEBUG - register_type('{http://www.w3.org/2001/XMLSchema}unsignedInt', <zeep.xsd.types.builtins.UnsignedInt object at 0x0000017CB89F67F0>)
2018-12-01 23:14:41,033 - DEBUG - register_type('{http://www.w3.org/2001/XMLSchema}unsignedLong', <zeep.xsd.types.builtins.UnsignedLong object at 0x0000017CB89F6828>)
2018-12-01 23:14:41,033 - DEBUG - register_type('{http://www.w3.org/2001/XMLSchema}unsignedShort', <zeep.xsd.types.builtins.UnsignedShort object at 0x0000017CB89F6860>)
2018-12-01 23:14:41,033 - DEBUG - register_type('{http://www.w3.org/2001/XMLSchema}positiveInteger', <zeep.xsd.types.builtins.PositiveInteger object at 0x0000017CB89F6898>)
2018-12-01 23:14:41,033 - DEBUG - register_type('{http://www.w3.org/2001/XMLSchema}anyType', <zeep.xsd.types.any.AnyType object at 0x0000017CB89F68D0>)
2018-12-01 23:14:41,033 - DEBUG - register_type('{http://www.w3.org/2001/XMLSchema}anySimpleType', <zeep.xsd.types.simple.AnySimpleType object at 0x0000017CB89F6908>)
2018-12-01 23:14:41,033 - DEBUG - register_element('{http://www.w3.org/2001/XMLSchema}schema', <zeep.xsd.elements.builtins.Schema object at 0x0000017CB89F6940>)
2018-12-01 23:14:41,033 - DEBUG - Add document with tns http://www.w3.org/2001/XMLSchema to schema 1635184945304
2018-12-01 23:14:41,033 - DEBUG - Loading remote data from: https://www.vservercontrolpanel.de:443/WSEndUser?wsdl
2018-12-01 23:14:41,036 - DEBUG - Starting new HTTPS connection (1): www.vservercontrolpanel.de:443
2018-12-01 23:14:41,157 - DEBUG - https://www.vservercontrolpanel.de:443 "GET /WSEndUser?wsdl HTTP/1.1" 200 None
2018-12-01 23:14:41,160 - DEBUG - Creating definition for https://www.vservercontrolpanel.de:443/WSEndUser?wsdl
2018-12-01 23:14:41,161 - DEBUG - Init schema document for 'https://www.vservercontrolpanel.de:443/WSEndUser?wsdl'
2018-12-01 23:14:41,161 - DEBUG - Add document with tns None to schema 1635184945304
2018-12-01 23:14:41,162 - DEBUG - Loading remote data from: https://www.vservercontrolpanel.de:443/VCP/WSEndUser?xsd=1
2018-12-01 23:14:41,164 - DEBUG - Resetting dropped connection: www.vservercontrolpanel.de
2018-12-01 23:14:41,302 - DEBUG - https://www.vservercontrolpanel.de:443 "GET /VCP/WSEndUser?xsd=1 HTTP/1.1" 200 None
2018-12-01 23:14:41,304 - DEBUG - Init schema document for 'https://www.vservercontrolpanel.de:443/VCP/WSEndUser?xsd=1'
2018-12-01 23:14:41,305 - DEBUG - Add document with tns http://enduser.service.web.vcp.netcup.de/ to schema 1635184945304
2018-12-01 23:14:41,305 - DEBUG - register_element('{http://enduser.service.web.vcp.netcup.de/}addFirewallRule', <Element(name='addFirewallRule', type=<UnresolvedType(qname='{http://enduser.service.web.vcp.netcup.de/}addFirewallRule')>)>)
2018-12-01 23:14:41,305 - DEBUG - register_element('{http://enduser.service.web.vcp.netcup.de/}addFirewallRuleResponse', <Element(name='addFirewallRuleResponse', type=<UnresolvedType(qname='{http://enduser.service.web.vcp.netcup.de/}addFirewallRuleResponse')>)>)
2018-12-01 23:14:41,306 - DEBUG - register_element('{http://enduser.service.web.vcp.netcup.de/}changeIPRouting', <Element(name='changeIPRouting', type=<UnresolvedType(qname='{http://enduser.service.web.vcp.netcup.de/}changeIPRouting')>)>)
2018-12-01 23:14:41,306 - DEBUG - register_element('{http://enduser.service.web.vcp.netcup.de/}changeIPRoutingResponse', <Element(name='changeIPRoutingResponse', type=<UnresolvedType(qname='{http://enduser.service.web.vcp.netcup.de/}changeIPRoutingResponse')>)>)
2018-12-01 23:14:41,306 - DEBUG - register_element('{http://enduser.service.web.vcp.netcup.de/}deleteFirewallRule', <Element(name='deleteFirewallRule', type=<UnresolvedType(qname='{http://enduser.service.web.vcp.netcup.de/}deleteFirewallRule')>)>)
2018-12-01 23:14:41,307 - DEBUG - register_element('{http://enduser.service.web.vcp.netcup.de/}deleteFirewallRuleResponse', <Element(name='deleteFirewallRuleResponse', type=<UnresolvedType(qname='{http://enduser.service.web.vcp.netcup.de/}deleteFirewallRuleResponse')>)>)
2018-12-01 23:14:41,307 - DEBUG - register_element('{http://enduser.service.web.vcp.netcup.de/}getFirewall', <Element(name='getFirewall', type=<UnresolvedType(qname='{http://enduser.service.web.vcp.netcup.de/}getFirewall')>)>)
2018-12-01 23:14:41,307 - DEBUG - register_element('{http://enduser.service.web.vcp.netcup.de/}getFirewallResponse', <Element(name='getFirewallResponse', type=<UnresolvedType(qname='{http://enduser.service.web.vcp.netcup.de/}getFirewallResponse')>)>)
2018-12-01 23:14:41,308 - DEBUG - register_element('{http://enduser.service.web.vcp.netcup.de/}getVServerIPs', <Element(name='getVServerIPs', type=<UnresolvedType(qname='{http://enduser.service.web.vcp.netcup.de/}getVServerIPs')>)>)
2018-12-01 23:14:41,308 - DEBUG - register_element('{http://enduser.service.web.vcp.netcup.de/}getVServerIPsResponse', <Element(name='getVServerIPsResponse', type=<UnresolvedType(qname='{http://enduser.service.web.vcp.netcup.de/}getVServerIPsResponse')>)>)
2018-12-01 23:14:41,308 - DEBUG - register_element('{http://enduser.service.web.vcp.netcup.de/}getVServerInformation', <Element(name='getVServerInformation', type=<UnresolvedType(qname='{http://enduser.service.web.vcp.netcup.de/}getVServerInformation')>)>)
2018-12-01 23:14:41,308 - DEBUG - register_element('{http://enduser.service.web.vcp.netcup.de/}getVServerInformationResponse', <Element(name='getVServerInformationResponse', type=<UnresolvedType(qname='{http://enduser.service.web.vcp.netcup.de/}getVServerInformationResponse')>)>)
2018-12-01 23:14:41,309 - DEBUG - register_element('{http://enduser.service.web.vcp.netcup.de/}getVServerLoad', <Element(name='getVServerLoad', type=<UnresolvedType(qname='{http://enduser.service.web.vcp.netcup.de/}getVServerLoad')>)>)
2018-12-01 23:14:41,309 - DEBUG - register_element('{http://enduser.service.web.vcp.netcup.de/}getVServerLoadResponse', <Element(name='getVServerLoadResponse', type=<UnresolvedType(qname='{http://enduser.service.web.vcp.netcup.de/}getVServerLoadResponse')>)>)
2018-12-01 23:14:41,309 - DEBUG - register_element('{http://enduser.service.web.vcp.netcup.de/}getVServerNickname', <Element(name='getVServerNickname', type=<UnresolvedType(qname='{http://enduser.service.web.vcp.netcup.de/}getVServerNickname')>)>)
2018-12-01 23:14:41,310 - DEBUG - register_element('{http://enduser.service.web.vcp.netcup.de/}getVServerNicknameResponse', <Element(name='getVServerNicknameResponse', type=<UnresolvedType(qname='{http://enduser.service.web.vcp.netcup.de/}getVServerNicknameResponse')>)>)
2018-12-01 23:14:41,310 - DEBUG - register_element('{http://enduser.service.web.vcp.netcup.de/}getVServerProcesses', <Element(name='getVServerProcesses', type=<UnresolvedType(qname='{http://enduser.service.web.vcp.netcup.de/}getVServerProcesses')>)>)
2018-12-01 23:14:41,310 - DEBUG - register_element('{http://enduser.service.web.vcp.netcup.de/}getVServerProcessesResponse', <Element(name='getVServerProcessesResponse', type=<UnresolvedType(qname='{http://enduser.service.web.vcp.netcup.de/}getVServerProcessesResponse')>)>)
2018-12-01 23:14:41,310 - DEBUG - register_element('{http://enduser.service.web.vcp.netcup.de/}getVServerState', <Element(name='getVServerState', type=<UnresolvedType(qname='{http://enduser.service.web.vcp.netcup.de/}getVServerState')>)>)
2018-12-01 23:14:41,311 - DEBUG - register_element('{http://enduser.service.web.vcp.netcup.de/}getVServerStateResponse', <Element(name='getVServerStateResponse', type=<UnresolvedType(qname='{http://enduser.service.web.vcp.netcup.de/}getVServerStateResponse')>)>)
2018-12-01 23:14:41,311 - DEBUG - register_element('{http://enduser.service.web.vcp.netcup.de/}getVServerTrafficOfDay', <Element(name='getVServerTrafficOfDay', type=<UnresolvedType(qname='{http://enduser.service.web.vcp.netcup.de/}getVServerTrafficOfDay')>)>)
2018-12-01 23:14:41,311 - DEBUG - register_element('{http://enduser.service.web.vcp.netcup.de/}getVServerTrafficOfDayResponse', <Element(name='getVServerTrafficOfDayResponse', type=<UnresolvedType(qname='{http://enduser.service.web.vcp.netcup.de/}getVServerTrafficOfDayResponse')>)>)
2018-12-01 23:14:41,311 - DEBUG - register_element('{http://enduser.service.web.vcp.netcup.de/}getVServerTrafficOfMonth', <Element(name='getVServerTrafficOfMonth', type=<UnresolvedType(qname='{http://enduser.service.web.vcp.netcup.de/}getVServerTrafficOfMonth')>)>)
2018-12-01 23:14:41,312 - DEBUG - register_element('{http://enduser.service.web.vcp.netcup.de/}getVServerTrafficOfMonthResponse', <Element(name='getVServerTrafficOfMonthResponse', type=<UnresolvedType(qname='{http://enduser.service.web.vcp.netcup.de/}getVServerTrafficOfMonthResponse')>)>)
2018-12-01 23:14:41,312 - DEBUG - register_element('{http://enduser.service.web.vcp.netcup.de/}getVServerUptime', <Element(name='getVServerUptime', type=<UnresolvedType(qname='{http://enduser.service.web.vcp.netcup.de/}getVServerUptime')>)>)
2018-12-01 23:14:41,312 - DEBUG - register_element('{http://enduser.service.web.vcp.netcup.de/}getVServerUptimeResponse', <Element(name='getVServerUptimeResponse', type=<UnresolvedType(qname='{http://enduser.service.web.vcp.netcup.de/}getVServerUptimeResponse')>)>)
2018-12-01 23:14:41,313 - DEBUG - register_element('{http://enduser.service.web.vcp.netcup.de/}getVServers', <Element(name='getVServers', type=<UnresolvedType(qname='{http://enduser.service.web.vcp.netcup.de/}getVServers')>)>)
2018-12-01 23:14:41,313 - DEBUG - register_element('{http://enduser.service.web.vcp.netcup.de/}getVServersResponse', <Element(name='getVServersResponse', type=<UnresolvedType(qname='{http://enduser.service.web.vcp.netcup.de/}getVServersResponse')>)>)
2018-12-01 23:14:41,313 - DEBUG - register_element('{http://enduser.service.web.vcp.netcup.de/}setVServerNickname', <Element(name='setVServerNickname', type=<UnresolvedType(qname='{http://enduser.service.web.vcp.netcup.de/}setVServerNickname')>)>)
2018-12-01 23:14:41,314 - DEBUG - register_element('{http://enduser.service.web.vcp.netcup.de/}setVServerNicknameResponse', <Element(name='setVServerNicknameResponse', type=<UnresolvedType(qname='{http://enduser.service.web.vcp.netcup.de/}setVServerNicknameResponse')>)>)
2018-12-01 23:14:41,314 - DEBUG - register_element('{http://enduser.service.web.vcp.netcup.de/}startVServer', <Element(name='startVServer', type=<UnresolvedType(qname='{http://enduser.service.web.vcp.netcup.de/}startVServer')>)>)
2018-12-01 23:14:41,314 - DEBUG - register_element('{http://enduser.service.web.vcp.netcup.de/}startVServerResponse', <Element(name='startVServerResponse', type=<UnresolvedType(qname='{http://enduser.service.web.vcp.netcup.de/}startVServerResponse')>)>)
2018-12-01 23:14:41,315 - DEBUG - register_element('{http://enduser.service.web.vcp.netcup.de/}stopVServer', <Element(name='stopVServer', type=<UnresolvedType(qname='{http://enduser.service.web.vcp.netcup.de/}stopVServer')>)>)
2018-12-01 23:14:41,315 - DEBUG - register_element('{http://enduser.service.web.vcp.netcup.de/}stopVServerResponse', <Element(name='stopVServerResponse', type=<UnresolvedType(qname='{http://enduser.service.web.vcp.netcup.de/}stopVServerResponse')>)>)
2018-12-01 23:14:41,315 - DEBUG - register_element('{http://enduser.service.web.vcp.netcup.de/}vServerACPIReboot', <Element(name='vServerACPIReboot', type=<UnresolvedType(qname='{http://enduser.service.web.vcp.netcup.de/}vServerACPIReboot')>)>)
2018-12-01 23:14:41,316 - DEBUG - register_element('{http://enduser.service.web.vcp.netcup.de/}vServerACPIRebootResponse', <Element(name='vServerACPIRebootResponse', type=<UnresolvedType(qname='{http://enduser.service.web.vcp.netcup.de/}vServerACPIRebootResponse')>)>)
2018-12-01 23:14:41,316 - DEBUG - register_element('{http://enduser.service.web.vcp.netcup.de/}vServerACPIShutdown', <Element(name='vServerACPIShutdown', type=<UnresolvedType(qname='{http://enduser.service.web.vcp.netcup.de/}vServerACPIShutdown')>)>)
2018-12-01 23:14:41,316 - DEBUG - register_element('{http://enduser.service.web.vcp.netcup.de/}vServerACPIShutdownResponse', <Element(name='vServerACPIShutdownResponse', type=<UnresolvedType(qname='{http://enduser.service.web.vcp.netcup.de/}vServerACPIShutdownResponse')>)>)
2018-12-01 23:14:41,316 - DEBUG - register_element('{http://enduser.service.web.vcp.netcup.de/}vServerPoweroff', <Element(name='vServerPoweroff', type=<UnresolvedType(qname='{http://enduser.service.web.vcp.netcup.de/}vServerPoweroff')>)>)
2018-12-01 23:14:41,317 - DEBUG - register_element('{http://enduser.service.web.vcp.netcup.de/}vServerPoweroffResponse', <Element(name='vServerPoweroffResponse', type=<UnresolvedType(qname='{http://enduser.service.web.vcp.netcup.de/}vServerPoweroffResponse')>)>)
2018-12-01 23:14:41,317 - DEBUG - register_element('{http://enduser.service.web.vcp.netcup.de/}vServerReset', <Element(name='vServerReset', type=<UnresolvedType(qname='{http://enduser.service.web.vcp.netcup.de/}vServerReset')>)>)
2018-12-01 23:14:41,317 - DEBUG - register_element('{http://enduser.service.web.vcp.netcup.de/}vServerResetResponse', <Element(name='vServerResetResponse', type=<UnresolvedType(qname='{http://enduser.service.web.vcp.netcup.de/}vServerResetResponse')>)>)
2018-12-01 23:14:41,318 - DEBUG - register_element('{http://enduser.service.web.vcp.netcup.de/}vServerRestore', <Element(name='vServerRestore', type=<UnresolvedType(qname='{http://enduser.service.web.vcp.netcup.de/}vServerRestore')>)>)
2018-12-01 23:14:41,318 - DEBUG - register_element('{http://enduser.service.web.vcp.netcup.de/}vServerRestoreResponse', <Element(name='vServerRestoreResponse', type=<UnresolvedType(qname='{http://enduser.service.web.vcp.netcup.de/}vServerRestoreResponse')>)>)
2018-12-01 23:14:41,318 - DEBUG - register_element('{http://enduser.service.web.vcp.netcup.de/}vServerResume', <Element(name='vServerResume', type=<UnresolvedType(qname='{http://enduser.service.web.vcp.netcup.de/}vServerResume')>)>)
2018-12-01 23:14:41,319 - DEBUG - register_element('{http://enduser.service.web.vcp.netcup.de/}vServerResumeResponse', <Element(name='vServerResumeResponse', type=<UnresolvedType(qname='{http://enduser.service.web.vcp.netcup.de/}vServerResumeResponse')>)>)
2018-12-01 23:14:41,319 - DEBUG - register_element('{http://enduser.service.web.vcp.netcup.de/}vServerSave', <Element(name='vServerSave', type=<UnresolvedType(qname='{http://enduser.service.web.vcp.netcup.de/}vServerSave')>)>)
2018-12-01 23:14:41,319 - DEBUG - register_element('{http://enduser.service.web.vcp.netcup.de/}vServerSaveResponse', <Element(name='vServerSaveResponse', type=<UnresolvedType(qname='{http://enduser.service.web.vcp.netcup.de/}vServerSaveResponse')>)>)
2018-12-01 23:14:41,319 - DEBUG - register_element('{http://enduser.service.web.vcp.netcup.de/}vServerStart', <Element(name='vServerStart', type=<UnresolvedType(qname='{http://enduser.service.web.vcp.netcup.de/}vServerStart')>)>)
2018-12-01 23:14:41,320 - DEBUG - register_element('{http://enduser.service.web.vcp.netcup.de/}vServerStartResponse', <Element(name='vServerStartResponse', type=<UnresolvedType(qname='{http://enduser.service.web.vcp.netcup.de/}vServerStartResponse')>)>)
2018-12-01 23:14:41,320 - DEBUG - register_element('{http://enduser.service.web.vcp.netcup.de/}vServerSuspend', <Element(name='vServerSuspend', type=<UnresolvedType(qname='{http://enduser.service.web.vcp.netcup.de/}vServerSuspend')>)>)
2018-12-01 23:14:41,320 - DEBUG - register_element('{http://enduser.service.web.vcp.netcup.de/}vServerSuspendResponse', <Element(name='vServerSuspendResponse', type=<UnresolvedType(qname='{http://enduser.service.web.vcp.netcup.de/}vServerSuspendResponse')>)>)
2018-12-01 23:14:41,321 - DEBUG - register_type('{http://enduser.service.web.vcp.netcup.de/}getVServerProcesses', <zeep.xsd.dynamic_types.getVServerProcesses object at 0x0000017CB8A2EFD0>)
2018-12-01 23:14:41,321 - DEBUG - register_type('{http://enduser.service.web.vcp.netcup.de/}getVServerProcessesResponse', <zeep.xsd.dynamic_types.getVServerProcessesResponse object at 0x0000017CB8A39278>)
2018-12-01 23:14:41,322 - DEBUG - register_type('{http://enduser.service.web.vcp.netcup.de/}getVServerIPs', <zeep.xsd.dynamic_types.getVServerIPs object at 0x0000017CB8A39390>)
2018-12-01 23:14:41,322 - DEBUG - register_type('{http://enduser.service.web.vcp.netcup.de/}getVServerIPsResponse', <zeep.xsd.dynamic_types.getVServerIPsResponse object at 0x0000017CB8A395C0>)
2018-12-01 23:14:41,322 - DEBUG - register_type('{http://enduser.service.web.vcp.netcup.de/}vServerReset', <zeep.xsd.dynamic_types.vServerReset object at 0x0000017CB8A396D8>)
2018-12-01 23:14:41,323 - DEBUG - register_type('{http://enduser.service.web.vcp.netcup.de/}vServerResetResponse', <zeep.xsd.dynamic_types.vServerResetResponse object at 0x0000017CB8A39908>)
2018-12-01 23:14:41,323 - DEBUG - register_type('{http://enduser.service.web.vcp.netcup.de/}vServerResume', <zeep.xsd.dynamic_types.vServerResume object at 0x0000017CB8A39A20>)
2018-12-01 23:14:41,324 - DEBUG - register_type('{http://enduser.service.web.vcp.netcup.de/}vServerResumeResponse', <zeep.xsd.dynamic_types.vServerResumeResponse object at 0x0000017CB8A39C50>)
2018-12-01 23:14:41,324 - DEBUG - register_type('{http://enduser.service.web.vcp.netcup.de/}vServerStart', <zeep.xsd.dynamic_types.vServerStart object at 0x0000017CB8A39D68>)
2018-12-01 23:14:41,325 - DEBUG - register_type('{http://enduser.service.web.vcp.netcup.de/}vServerStartResponse', <zeep.xsd.dynamic_types.vServerStartResponse object at 0x0000017CB8A39F98>)
2018-12-01 23:14:41,325 - DEBUG - register_type('{http://enduser.service.web.vcp.netcup.de/}getFirewall', <zeep.xsd.dynamic_types.getFirewall object at 0x0000017CB8A3F0B8>)
2018-12-01 23:14:41,325 - DEBUG - register_type('{http://enduser.service.web.vcp.netcup.de/}getFirewallResponse', <zeep.xsd.dynamic_types.getFirewallResponse object at 0x0000017CB8A3F320>)
2018-12-01 23:14:41,328 - DEBUG - register_type('{http://enduser.service.web.vcp.netcup.de/}vsFilter', <zeep.xsd.dynamic_types.vsFilter object at 0x0000017CB8A3F400>)
2018-12-01 23:14:41,328 - DEBUG - register_type('{http://enduser.service.web.vcp.netcup.de/}vServerSuspend', <zeep.xsd.dynamic_types.vServerSuspend object at 0x0000017CB8A44240>)
2018-12-01 23:14:41,329 - DEBUG - register_type('{http://enduser.service.web.vcp.netcup.de/}vServerSuspendResponse', <zeep.xsd.dynamic_types.vServerSuspendResponse object at 0x0000017CB8A444A8>)
2018-12-01 23:14:41,329 - DEBUG - register_type('{http://enduser.service.web.vcp.netcup.de/}getVServerInformation', <zeep.xsd.dynamic_types.getVServerInformation object at 0x0000017CB8A445F8>)
2018-12-01 23:14:41,330 - DEBUG - register_type('{http://enduser.service.web.vcp.netcup.de/}getVServerInformationResponse', <zeep.xsd.dynamic_types.getVServerInformationResponse object at 0x0000017CB8A44860>)
2018-12-01 23:14:41,330 - DEBUG - register_type('{http://enduser.service.web.vcp.netcup.de/}vServerInformationObject', <zeep.xsd.dynamic_types.vServerInformationObject object at 0x0000017CB8A44940>)
2018-12-01 23:14:41,331 - DEBUG - register_type('{http://enduser.service.web.vcp.netcup.de/}trafficMonthObject', <zeep.xsd.dynamic_types.trafficMonthObject object at 0x0000017CB8A44D68>)
2018-12-01 23:14:41,331 - DEBUG - register_type('{http://enduser.service.web.vcp.netcup.de/}vServerPoweroff', <zeep.xsd.dynamic_types.vServerPoweroff object at 0x0000017CB8A4B2B0>)
2018-12-01 23:14:41,332 - DEBUG - register_type('{http://enduser.service.web.vcp.netcup.de/}vServerPoweroffResponse', <zeep.xsd.dynamic_types.vServerPoweroffResponse object at 0x0000017CB8A4B4E0>)
2018-12-01 23:14:41,332 - DEBUG - register_type('{http://enduser.service.web.vcp.netcup.de/}getVServerState', <zeep.xsd.dynamic_types.getVServerState object at 0x0000017CB8A4B630>)
2018-12-01 23:14:41,334 - DEBUG - register_type('{http://enduser.service.web.vcp.netcup.de/}getVServerStateResponse', <zeep.xsd.dynamic_types.getVServerStateResponse object at 0x0000017CB8A4B898>)
2018-12-01 23:14:41,335 - DEBUG - register_type('{http://enduser.service.web.vcp.netcup.de/}changeIPRouting', <zeep.xsd.dynamic_types.changeIPRouting object at 0x0000017CB8A4B9E8>)
2018-12-01 23:14:41,335 - DEBUG - register_type('{http://enduser.service.web.vcp.netcup.de/}changeIPRoutingResponse', <zeep.xsd.dynamic_types.changeIPRoutingResponse object at 0x0000017CB8A4BE48>)
2018-12-01 23:14:41,336 - DEBUG - register_type('{http://enduser.service.web.vcp.netcup.de/}addFirewallRule', <zeep.xsd.dynamic_types.addFirewallRule object at 0x0000017CB8A4BF98>)
2018-12-01 23:14:41,337 - DEBUG - register_type('{http://enduser.service.web.vcp.netcup.de/}filterObject', <zeep.xsd.dynamic_types.filterObject object at 0x0000017CB8A51320>)
2018-12-01 23:14:41,337 - DEBUG - register_type('{http://enduser.service.web.vcp.netcup.de/}addFirewallRuleResponse', <zeep.xsd.dynamic_types.addFirewallRuleResponse object at 0x0000017CB8A57080>)
2018-12-01 23:14:41,338 - DEBUG - register_type('{http://enduser.service.web.vcp.netcup.de/}webServiceSimpleResult', <zeep.xsd.dynamic_types.webServiceSimpleResult object at 0x0000017CB8A57128>)
2018-12-01 23:14:41,338 - DEBUG - register_type('{http://enduser.service.web.vcp.netcup.de/}getVServerUptime', <zeep.xsd.dynamic_types.getVServerUptime object at 0x0000017CB8A57390>)
2018-12-01 23:14:41,339 - DEBUG - register_type('{http://enduser.service.web.vcp.netcup.de/}getVServerUptimeResponse', <zeep.xsd.dynamic_types.getVServerUptimeResponse object at 0x0000017CB8A575F8>)
2018-12-01 23:14:41,339 - DEBUG - register_type('{http://enduser.service.web.vcp.netcup.de/}deleteFirewallRule', <zeep.xsd.dynamic_types.deleteFirewallRule object at 0x0000017CB8A57748>)
2018-12-01 23:14:41,340 - DEBUG - register_type('{http://enduser.service.web.vcp.netcup.de/}deleteFirewallRuleResponse', <zeep.xsd.dynamic_types.deleteFirewallRuleResponse object at 0x0000017CB8A576D8>)
2018-12-01 23:14:41,340 - DEBUG - register_type('{http://enduser.service.web.vcp.netcup.de/}getVServerTrafficOfMonth', <zeep.xsd.dynamic_types.getVServerTrafficOfMonth object at 0x0000017CB8A57B38>)
2018-12-01 23:14:41,341 - DEBUG - register_type('{http://enduser.service.web.vcp.netcup.de/}getVServerTrafficOfMonthResponse', <zeep.xsd.dynamic_types.getVServerTrafficOfMonthResponse object at 0x0000017CB8A57FD0>)
2018-12-01 23:14:41,341 - DEBUG - register_type('{http://enduser.service.web.vcp.netcup.de/}vServerACPIReboot', <zeep.xsd.dynamic_types.vServerACPIReboot object at 0x0000017CB8A5E0B8>)
2018-12-01 23:14:41,341 - DEBUG - register_type('{http://enduser.service.web.vcp.netcup.de/}vServerACPIRebootResponse', <zeep.xsd.dynamic_types.vServerACPIRebootResponse object at 0x0000017CB8A5E358>)
2018-12-01 23:14:41,341 - DEBUG - register_type('{http://enduser.service.web.vcp.netcup.de/}stopVServer', <zeep.xsd.dynamic_types.stopVServer object at 0x0000017CB8A5E4A8>)
2018-12-01 23:14:41,342 - DEBUG - register_type('{http://enduser.service.web.vcp.netcup.de/}stopVServerResponse', <zeep.xsd.dynamic_types.stopVServerResponse object at 0x0000017CB8A5E710>)
2018-12-01 23:14:41,342 - DEBUG - register_type('{http://enduser.service.web.vcp.netcup.de/}getVServerTrafficOfDay', <zeep.xsd.dynamic_types.getVServerTrafficOfDay object at 0x0000017CB8A5E7F0>)
2018-12-01 23:14:41,342 - DEBUG - register_type('{http://enduser.service.web.vcp.netcup.de/}getVServerTrafficOfDayResponse', <zeep.xsd.dynamic_types.getVServerTrafficOfDayResponse object at 0x0000017CB8A5ED68>)
2018-12-01 23:14:41,342 - DEBUG - register_type('{http://enduser.service.web.vcp.netcup.de/}trafficDayObject', <zeep.xsd.dynamic_types.trafficDayObject object at 0x0000017CB8A5EE10>)
2018-12-01 23:14:41,343 - DEBUG - register_type('{http://enduser.service.web.vcp.netcup.de/}getVServerNickname', <zeep.xsd.dynamic_types.getVServerNickname object at 0x0000017CB8A5EFD0>)
2018-12-01 23:14:41,343 - DEBUG - register_type('{http://enduser.service.web.vcp.netcup.de/}getVServerNicknameResponse', <zeep.xsd.dynamic_types.getVServerNicknameResponse object at 0x0000017CB8A62278>)
2018-12-01 23:14:41,343 - DEBUG - register_type('{http://enduser.service.web.vcp.netcup.de/}setVServerNickname', <zeep.xsd.dynamic_types.setVServerNickname object at 0x0000017CB8A623C8>)
2018-12-01 23:14:41,343 - DEBUG - register_type('{http://enduser.service.web.vcp.netcup.de/}setVServerNicknameResponse', <zeep.xsd.dynamic_types.setVServerNicknameResponse object at 0x0000017CB8A62358>)
2018-12-01 23:14:41,344 - DEBUG - register_type('{http://enduser.service.web.vcp.netcup.de/}getVServerLoad', <zeep.xsd.dynamic_types.getVServerLoad object at 0x0000017CB8A62828>)
2018-12-01 23:14:41,344 - DEBUG - register_type('{http://enduser.service.web.vcp.netcup.de/}getVServerLoadResponse', <zeep.xsd.dynamic_types.getVServerLoadResponse object at 0x0000017CB8A62A90>)
2018-12-01 23:14:41,344 - DEBUG - register_type('{http://enduser.service.web.vcp.netcup.de/}vServerACPIShutdown', <zeep.xsd.dynamic_types.vServerACPIShutdown object at 0x0000017CB8A62BE0>)
2018-12-01 23:14:41,344 - DEBUG - register_type('{http://enduser.service.web.vcp.netcup.de/}vServerACPIShutdownResponse', <zeep.xsd.dynamic_types.vServerACPIShutdownResponse object at 0x0000017CB8A62E48>)
2018-12-01 23:14:41,344 - DEBUG - register_type('{http://enduser.service.web.vcp.netcup.de/}vServerSave', <zeep.xsd.dynamic_types.vServerSave object at 0x0000017CB8A62F98>)
2018-12-01 23:14:41,344 - DEBUG - register_type('{http://enduser.service.web.vcp.netcup.de/}vServerSaveResponse', <zeep.xsd.dynamic_types.vServerSaveResponse object at 0x0000017CB8A69240>)
2018-12-01 23:14:41,345 - DEBUG - register_type('{http://enduser.service.web.vcp.netcup.de/}getVServers', <zeep.xsd.dynamic_types.getVServers object at 0x0000017CB8A69390>)
2018-12-01 23:14:41,345 - DEBUG - register_type('{http://enduser.service.web.vcp.netcup.de/}getVServersResponse', <zeep.xsd.dynamic_types.getVServersResponse object at 0x0000017CB8A69550>)
2018-12-01 23:14:41,345 - DEBUG - register_type('{http://enduser.service.web.vcp.netcup.de/}vServerRestore', <zeep.xsd.dynamic_types.vServerRestore object at 0x0000017CB8A696A0>)
2018-12-01 23:14:41,345 - DEBUG - register_type('{http://enduser.service.web.vcp.netcup.de/}vServerRestoreResponse', <zeep.xsd.dynamic_types.vServerRestoreResponse object at 0x0000017CB8A69908>)
2018-12-01 23:14:41,345 - DEBUG - register_type('{http://enduser.service.web.vcp.netcup.de/}startVServer', <zeep.xsd.dynamic_types.startVServer object at 0x0000017CB8A69A58>)
2018-12-01 23:14:41,346 - DEBUG - register_type('{http://enduser.service.web.vcp.netcup.de/}startVServerResponse', <zeep.xsd.dynamic_types.startVServerResponse object at 0x0000017CB8A69CC0>)
2018-12-01 23:14:41,346 - DEBUG - register_type('{http://enduser.service.web.vcp.netcup.de/}vsipType', <UnresolvedCustomType(qname='{http://enduser.service.web.vcp.netcup.de/}vsipType', base_type=<UnresolvedType(qname='{http://www.w3.org/2001/XMLSchema}string')>)>)
2018-12-01 23:14:41,346 - DEBUG - Resolving in schema <SchemaDocument(location='https://www.vservercontrolpanel.de:443/WSEndUser?wsdl', tns=None, is_empty=False)>
2018-12-01 23:14:41,346 - DEBUG - Resolving in schema <SchemaDocument(location='https://www.vservercontrolpanel.de:443/VCP/WSEndUser?xsd=1', tns='http://enduser.service.web.vcp.netcup.de/', is_empty=False)>
2018-12-01 23:14:41,348 - DEBUG - Adding message: {http://enduser.service.web.vcp.netcup.de/}getVServers
2018-12-01 23:14:41,348 - DEBUG - Adding message: {http://enduser.service.web.vcp.netcup.de/}getVServersResponse
2018-12-01 23:14:41,348 - DEBUG - Adding message: {http://enduser.service.web.vcp.netcup.de/}getVServerInformation
2018-12-01 23:14:41,348 - DEBUG - Adding message: {http://enduser.service.web.vcp.netcup.de/}getVServerInformationResponse
2018-12-01 23:14:41,348 - DEBUG - Adding message: {http://enduser.service.web.vcp.netcup.de/}getVServerNickname
2018-12-01 23:14:41,348 - DEBUG - Adding message: {http://enduser.service.web.vcp.netcup.de/}getVServerNicknameResponse
2018-12-01 23:14:41,349 - DEBUG - Adding message: {http://enduser.service.web.vcp.netcup.de/}setVServerNickname
2018-12-01 23:14:41,349 - DEBUG - Adding message: {http://enduser.service.web.vcp.netcup.de/}setVServerNicknameResponse
2018-12-01 23:14:41,349 - DEBUG - Adding message: {http://enduser.service.web.vcp.netcup.de/}getVServerState
2018-12-01 23:14:41,349 - DEBUG - Adding message: {http://enduser.service.web.vcp.netcup.de/}getVServerStateResponse
2018-12-01 23:14:41,349 - DEBUG - Adding message: {http://enduser.service.web.vcp.netcup.de/}getVServerLoad
2018-12-01 23:14:41,349 - DEBUG - Adding message: {http://enduser.service.web.vcp.netcup.de/}getVServerLoadResponse
2018-12-01 23:14:41,349 - DEBUG - Adding message: {http://enduser.service.web.vcp.netcup.de/}getVServerUptime
2018-12-01 23:14:41,350 - DEBUG - Adding message: {http://enduser.service.web.vcp.netcup.de/}getVServerUptimeResponse
2018-12-01 23:14:41,350 - DEBUG - Adding message: {http://enduser.service.web.vcp.netcup.de/}getVServerProcesses
2018-12-01 23:14:41,350 - DEBUG - Adding message: {http://enduser.service.web.vcp.netcup.de/}getVServerProcessesResponse
2018-12-01 23:14:41,350 - DEBUG - Adding message: {http://enduser.service.web.vcp.netcup.de/}getVServerIPs
2018-12-01 23:14:41,350 - DEBUG - Adding message: {http://enduser.service.web.vcp.netcup.de/}getVServerIPsResponse
2018-12-01 23:14:41,350 - DEBUG - Adding message: {http://enduser.service.web.vcp.netcup.de/}startVServer
2018-12-01 23:14:41,350 - DEBUG - Adding message: {http://enduser.service.web.vcp.netcup.de/}startVServerResponse
2018-12-01 23:14:41,351 - DEBUG - Adding message: {http://enduser.service.web.vcp.netcup.de/}stopVServer
2018-12-01 23:14:41,351 - DEBUG - Adding message: {http://enduser.service.web.vcp.netcup.de/}stopVServerResponse
2018-12-01 23:14:41,351 - DEBUG - Adding message: {http://enduser.service.web.vcp.netcup.de/}getFirewall
2018-12-01 23:14:41,351 - DEBUG - Adding message: {http://enduser.service.web.vcp.netcup.de/}getFirewallResponse
2018-12-01 23:14:41,351 - DEBUG - Adding message: {http://enduser.service.web.vcp.netcup.de/}addFirewallRule
2018-12-01 23:14:41,351 - DEBUG - Adding message: {http://enduser.service.web.vcp.netcup.de/}addFirewallRuleResponse
2018-12-01 23:14:41,351 - DEBUG - Adding message: {http://enduser.service.web.vcp.netcup.de/}deleteFirewallRule
2018-12-01 23:14:41,352 - DEBUG - Adding message: {http://enduser.service.web.vcp.netcup.de/}deleteFirewallRuleResponse
2018-12-01 23:14:41,352 - DEBUG - Adding message: {http://enduser.service.web.vcp.netcup.de/}vServerACPIShutdown
2018-12-01 23:14:41,352 - DEBUG - Adding message: {http://enduser.service.web.vcp.netcup.de/}vServerACPIShutdownResponse
2018-12-01 23:14:41,352 - DEBUG - Adding message: {http://enduser.service.web.vcp.netcup.de/}vServerACPIReboot
2018-12-01 23:14:41,352 - DEBUG - Adding message: {http://enduser.service.web.vcp.netcup.de/}vServerACPIRebootResponse
2018-12-01 23:14:41,352 - DEBUG - Adding message: {http://enduser.service.web.vcp.netcup.de/}vServerReset
2018-12-01 23:14:41,352 - DEBUG - Adding message: {http://enduser.service.web.vcp.netcup.de/}vServerResetResponse
2018-12-01 23:14:41,352 - DEBUG - Adding message: {http://enduser.service.web.vcp.netcup.de/}vServerPoweroff
2018-12-01 23:14:41,353 - DEBUG - Adding message: {http://enduser.service.web.vcp.netcup.de/}vServerPoweroffResponse
2018-12-01 23:14:41,353 - DEBUG - Adding message: {http://enduser.service.web.vcp.netcup.de/}vServerStart
2018-12-01 23:14:41,353 - DEBUG - Adding message: {http://enduser.service.web.vcp.netcup.de/}vServerStartResponse
2018-12-01 23:14:41,353 - DEBUG - Adding message: {http://enduser.service.web.vcp.netcup.de/}vServerSuspend
2018-12-01 23:14:41,353 - DEBUG - Adding message: {http://enduser.service.web.vcp.netcup.de/}vServerSuspendResponse
2018-12-01 23:14:41,353 - DEBUG - Adding message: {http://enduser.service.web.vcp.netcup.de/}vServerResume
2018-12-01 23:14:41,353 - DEBUG - Adding message: {http://enduser.service.web.vcp.netcup.de/}vServerResumeResponse
2018-12-01 23:14:41,353 - DEBUG - Adding message: {http://enduser.service.web.vcp.netcup.de/}vServerSave
2018-12-01 23:14:41,354 - DEBUG - Adding message: {http://enduser.service.web.vcp.netcup.de/}vServerSaveResponse
2018-12-01 23:14:41,354 - DEBUG - Adding message: {http://enduser.service.web.vcp.netcup.de/}vServerRestore
2018-12-01 23:14:41,354 - DEBUG - Adding message: {http://enduser.service.web.vcp.netcup.de/}vServerRestoreResponse
2018-12-01 23:14:41,354 - DEBUG - Adding message: {http://enduser.service.web.vcp.netcup.de/}getVServerTrafficOfDay
2018-12-01 23:14:41,354 - DEBUG - Adding message: {http://enduser.service.web.vcp.netcup.de/}getVServerTrafficOfDayResponse
2018-12-01 23:14:41,354 - DEBUG - Adding message: {http://enduser.service.web.vcp.netcup.de/}getVServerTrafficOfMonth
2018-12-01 23:14:41,354 - DEBUG - Adding message: {http://enduser.service.web.vcp.netcup.de/}getVServerTrafficOfMonthResponse
2018-12-01 23:14:41,354 - DEBUG - Adding message: {http://enduser.service.web.vcp.netcup.de/}changeIPRouting
2018-12-01 23:14:41,355 - DEBUG - Adding message: {http://enduser.service.web.vcp.netcup.de/}changeIPRoutingResponse
2018-12-01 23:14:41,355 - DEBUG - Adding port: {http://enduser.service.web.vcp.netcup.de/}WSEndUser
2018-12-01 23:14:41,378 - DEBUG - Adding binding: {http://enduser.service.web.vcp.netcup.de/}WSEndUserPortBinding
2018-12-01 23:14:41,378 - DEBUG - Adding service: WSEndUserService
2018-12-01 23:14:41,381 - DEBUG - HTTP Post to https://www.vservercontrolpanel.de:443/VCP/WSEndUser:
<?xml version='1.0' encoding='utf-8'?>
<soap-env:Envelope xmlns:soap-env="http://schemas.xmlsoap.org/soap/envelope/"><soap-env:Body><ns0:getVServerNickname xmlns:ns0="http://enduser.service.web.vcp.netcup.de/"><loginName>48701</loginName><password>NMtvqJP7c/+R</password><vservername>v22018063665168274</vservername></ns0:getVServerNickname></soap-env:Body></soap-env:Envelope>
2018-12-01 23:14:41,382 - DEBUG - Resetting dropped connection: www.vservercontrolpanel.de
2018-12-01 23:14:41,498 - DEBUG - https://www.vservercontrolpanel.de:443 "POST /VCP/WSEndUser HTTP/1.1" 200 None
2018-12-01 23:14:41,499 - DEBUG - HTTP Response from https://www.vservercontrolpanel.de:443/VCP/WSEndUser (status: 200):
<?xml version='1.0' encoding='UTF-8'?><S:Envelope xmlns:S="http://schemas.xmlsoap.org/soap/envelope/"><S:Body><ns2:getVServerNicknameResponse xmlns:ns2="http://enduser.service.web.vcp.netcup.de/"><return>meteor07-prod</return></ns2:getVServerNicknameResponse></S:Body></S:Envelope>
2018-12-01 23:14:41,500 - DEBUG - HTTP Post to https://www.vservercontrolpanel.de:443/VCP/WSEndUser:
<?xml version='1.0' encoding='utf-8'?>
<soap-env:Envelope xmlns:soap-env="http://schemas.xmlsoap.org/soap/envelope/"><soap-env:Body><ns0:getVServerIPs xmlns:ns0="http://enduser.service.web.vcp.netcup.de/"><loginName>48701</loginName><password>NMtvqJP7c/+R</password><vserverName>v22018063665168274</vserverName></ns0:getVServerIPs></soap-env:Body></soap-env:Envelope>
2018-12-01 23:14:41,502 - DEBUG - Resetting dropped connection: www.vservercontrolpanel.de
2018-12-01 23:14:41,709 - DEBUG - https://www.vservercontrolpanel.de:443 "POST /VCP/WSEndUser HTTP/1.1" 200 None
2018-12-01 23:14:41,710 - DEBUG - HTTP Response from https://www.vservercontrolpanel.de:443/VCP/WSEndUser (status: 200):
<?xml version='1.0' encoding='UTF-8'?><S:Envelope xmlns:S="http://schemas.xmlsoap.org/soap/envelope/"><S:Body><ns2:getVServerIPsResponse xmlns:ns2="http://enduser.service.web.vcp.netcup.de/"><return>94.16.113.107</return><return>2a03:4000:28:20f::/64</return></ns2:getVServerIPsResponse></S:Body></S:Envelope>
2018-12-01 23:14:41,712 - DEBUG - HTTP Post to https://www.vservercontrolpanel.de:443/VCP/WSEndUser:
<?xml version='1.0' encoding='utf-8'?>
<soap-env:Envelope xmlns:soap-env="http://schemas.xmlsoap.org/soap/envelope/"><soap-env:Body><ns0:changeIPRouting xmlns:ns0="http://enduser.service.web.vcp.netcup.de/"><loginName>48701</loginName><password>NMtvqJP7c/+R</password><routedIP>188.68.44.180</routedIP><routedMask>32</routedMask><destinationVserverName>v22018063665168274</destinationVserverName><destinationInterfaceMAC>da:88:7b:d4:35:5f</destinationInterfaceMAC></ns0:changeIPRouting></soap-env:Body></soap-env:Envelope>
2018-12-01 23:14:41,714 - DEBUG - Resetting dropped connection: www.vservercontrolpanel.de
2018-12-01 23:14:47,150 - DEBUG - https://www.vservercontrolpanel.de:443 "POST /VCP/WSEndUser HTTP/1.1" 200 None
2018-12-01 23:14:47,153 - DEBUG - HTTP Response from https://www.vservercontrolpanel.de:443/VCP/WSEndUser (status: 200):
<?xml version='1.0' encoding='UTF-8'?><S:Envelope xmlns:S="http://schemas.xmlsoap.org/soap/envelope/"><S:Body><ns2:changeIPRoutingResponse xmlns:ns2="http://enduser.service.web.vcp.netcup.de/"><return>true</return></ns2:changeIPRoutingResponse></S:Body></S:Envelope>
2018-12-01 23:14:47,155 - DEBUG - True
